[1] 
[1] > adonis-fullstack-app@4.1.0 webpack-dev C:\Users\PC\TEMPLATE\mychat
[1] > webpack --mode development --watch
[1] 
[0] 
[0] â”Œâ”€â”€â”€â”€â”€â”€â”€â”€â”€â”€â”€â”€â”€â”€â”€â”€â”€â”€â”€â”€â”€â”€â”€â”€â”€â”€â”€â”€â”€â”€â”€â”€â”€â”€â”€â”€â”€â”€â”€â”€â”€â”€â”€â”€â”€â”€â”€â”€â”€â”€â”€â”€â”€â”€â”€â”€â”€â”
[0] â”‚                 npm update check failed                 â”‚
[0] â”‚           Try running with sudo or get access           â”‚
[0] â”‚          to the local update config store via           â”‚
[0] â”‚ sudo chown -R $USER:$(id -gn $USER) C:\Users\PC\.config â”‚
[0] â””â”€â”€â”€â”€â”€â”€â”€â”€â”€â”€â”€â”€â”€â”€â”€â”€â”€â”€â”€â”€â”€â”€â”€â”€â”€â”€â”€â”€â”€â”€â”€â”€â”€â”€â”€â”€â”€â”€â”€â”€â”€â”€â”€â”€â”€â”€â”€â”€â”€â”€â”€â”€â”€â”€â”€â”€â”€â”˜
[0] 
[0] > adonis-fullstack-app@4.1.0 ad-start C:\Users\PC\TEMPLATE\mychat
[0] > adonis serve --dev
[0] 
[1] 
[1] webpack is watching the files...
[1] 
[0] 
[0] [30m[42m SERVER STARTED [49m[39m
[0] > Watching files for changes...
[0] 
[0] [32minfo[39m: serving app on http://127.0.0.1:3333
[1] Hash: adf7633fd6ebfda350dd
[1] Version: webpack 4.29.6
[1] Time: 20927ms
[1] Built at: 2019-03-16 21:35:17
[1]                 Asset      Size  Chunks             Chunk Names
[1] ../public/css/app.css   194 KiB    main  [emitted]  main
[1]   ../public/js/app.js  1.12 MiB    main  [emitted]  main
[1] Entrypoint main = ../public/js/app.js ../public/css/app.css
[1] [0] multi ./resources/assets/js/app.js ./resources/assets/sass/app.scss 40 bytes {main} [built]
[1] [./node_modules/css-loader/dist/cjs.js!./node_modules/sass-loader/lib/loader.js!./resources/assets/sass/app.scss] 202 KiB [built]
[1] [./node_modules/webpack/buildin/global.js] (webpack)/buildin/global.js 472 bytes {main} [built]
[1] [./node_modules/webpack/buildin/harmony-module.js] (webpack)/buildin/harmony-module.js 573 bytes {main} [built]
[1] [./resources/assets/js/app.js] 3.54 KiB {main} [built]
[1] [./resources/assets/js/comp/index.js] 1010 bytes {main} [built]
[1] [./resources/assets/js/comp/lib/str/index.js] 659 bytes {main} [built]
[1] [./resources/assets/js/comp/lib/str/redux.js] 1.5 KiB {main} [built]
[1] [./resources/assets/js/comp/scenes/chat/index.js] 764 bytes {main} [built]
[1] [./resources/assets/js/comp/scenes/index.js] 654 bytes {main} [built]
[1] [./resources/assets/sass/app.scss] 41 bytes [built]
[1]     + 56 hidden modules
[1] Child extract-text-webpack-plugin node_modules/extract-text-webpack-plugin/dist node_modules/css-loader/dist/cjs.js!node_modules/sass-loader/lib/loader.js!resources/assets/sass/app.scss:
[1]     Entrypoint undefined = extract-text-webpack-plugin-output-filename
[1]     [./node_modules/css-loader/dist/cjs.js!./node_modules/sass-loader/lib/loader.js!./resources/assets/sass/app.scss] 202 KiB {0} [built]
[1]         + 1 hidden module
[1] Hash: d8019661077544713137
[1] Version: webpack 4.29.6
[1] Time: 10324ms
[1] Built at: 2019-03-16 21:37:39
[1]                 Asset     Size  Chunks             Chunk Names
[1] ../public/css/app.css  194 KiB    main  [emitted]  main
[1]  + 1 hidden asset
[1] Entrypoint main = ../public/js/app.js ../public/css/app.css
[1] [./resources/assets/sass/app.scss] 41 bytes {main} [built]
[1]     + 62 hidden modules
[1] Child extract-text-webpack-plugin node_modules/extract-text-webpack-plugin/dist node_modules/css-loader/dist/cjs.js!node_modules/sass-loader/lib/loader.js!resources/assets/sass/app.scss:
[1]     Entrypoint undefined = extract-text-webpack-plugin-output-filename
[1]     [./node_modules/css-loader/dist/cjs.js!./node_modules/sass-loader/lib/loader.js!./resources/assets/sass/app.scss] 202 KiB {1} [built]
[1]         + 1 hidden module
[1] Hash: dcc11f4b45fcb39b84c1
[1] Version: webpack 4.29.6
[1] Time: 498ms
[1] Built at: 2019-03-16 21:37:40
[1]                 Asset     Size  Chunks             Chunk Names
[1] ../public/css/app.css  194 KiB    main  [emitted]  main
[1]  + 1 hidden asset
[1] Entrypoint main = ../public/js/app.js ../public/css/app.css
[1] [./resources/assets/sass/app.scss] 41 bytes {main} [built]
[1]     + 62 hidden modules
[1] Child extract-text-webpack-plugin node_modules/extract-text-webpack-plugin/dist node_modules/css-loader/dist/cjs.js!node_modules/sass-loader/lib/loader.js!resources/assets/sass/app.scss:
[1]     Entrypoint undefined = extract-text-webpack-plugin-output-filename
[1]     [./node_modules/css-loader/dist/cjs.js!./node_modules/sass-loader/lib/loader.js!./resources/assets/sass/app.scss] 202 KiB {0} [built]
[1]         + 1 hidden module
[1] Hash: d8019661077544713137
[1] Version: webpack 4.29.6
[1] Time: 601ms
[1] Built at: 2019-03-16 21:37:47
[1]                 Asset     Size  Chunks             Chunk Names
[1] ../public/css/app.css  194 KiB    main  [emitted]  main
[1]  + 1 hidden asset
[1] Entrypoint main = ../public/js/app.js ../public/css/app.css
[1] [./resources/assets/sass/app.scss] 41 bytes {main} [built]
[1]     + 62 hidden modules
[1] Child extract-text-webpack-plugin node_modules/extract-text-webpack-plugin/dist node_modules/css-loader/dist/cjs.js!node_modules/sass-loader/lib/loader.js!resources/assets/sass/app.scss:
[1]     Entrypoint undefined = extract-text-webpack-plugin-output-filename
[1]     [./node_modules/css-loader/dist/cjs.js!./node_modules/sass-loader/lib/loader.js!./resources/assets/sass/app.scss] 202 KiB {1} [built]
[1]         + 1 hidden module
[1] Hash: 2b8cd635b5d0926a3135
[1] Version: webpack 4.29.6
[1] Time: 631ms
[1] Built at: 2019-03-16 21:38:55
[1]                 Asset     Size  Chunks             Chunk Names
[1] ../public/css/app.css  194 KiB    main  [emitted]  main
[1]  + 1 hidden asset
[1] Entrypoint main = ../public/js/app.js ../public/css/app.css
[1] [./resources/assets/sass/app.scss] 41 bytes {main} [built]
[1]     + 62 hidden modules
[1] Child extract-text-webpack-plugin node_modules/extract-text-webpack-plugin/dist node_modules/css-loader/dist/cjs.js!node_modules/sass-loader/lib/loader.js!resources/assets/sass/app.scss:
[1]     Entrypoint undefined = extract-text-webpack-plugin-output-filename
[1]     [./node_modules/css-loader/dist/cjs.js!./node_modules/sass-loader/lib/loader.js!./resources/assets/sass/app.scss] 202 KiB {0} [built]
[1]         + 1 hidden module
[1] Hash: a69e778a2fa378de9665
[1] Version: webpack 4.29.6
[1] Time: 1157ms
[1] Built at: 2019-03-16 21:38:57
[1]                 Asset     Size  Chunks             Chunk Names
[1] ../public/css/app.css  194 KiB    main  [emitted]  main
[1]  + 1 hidden asset
[1] Entrypoint main = ../public/js/app.js ../public/css/app.css
[1] [./resources/assets/sass/app.scss] 41 bytes [built]
[1]     + 62 hidden modules
[1] 
[1] ERROR in ./resources/assets/sass/app.scss
[1] Module build failed (from ./node_modules/css-loader/dist/cjs.js):
[1] ModuleBuildError: Module build failed (from ./node_modules/sass-loader/lib/loader.js):
[1] 
[1] @import "basics";
[1] ^
[1]       File to import not found or unreadable: C:\Users\PC\TEMPLATE\mychat\resources\assets\sass\_basics.scss.
[1]       in C:\Users\PC\TEMPLATE\mychat\resources\assets\sass\app.scss (line 5, column 1)
[1]     at runLoaders (C:\Users\PC\TEMPLATE\mychat\node_modules\webpack\lib\NormalModule.js:301:20)
[1]     at C:\Users\PC\TEMPLATE\mychat\node_modules\loader-runner\lib\LoaderRunner.js:367:11
[1]     at C:\Users\PC\TEMPLATE\mychat\node_modules\loader-runner\lib\LoaderRunner.js:233:18
[1]     at context.callback (C:\Users\PC\TEMPLATE\mychat\node_modules\loader-runner\lib\LoaderRunner.js:111:13)
[1]     at Object.render [as callback] (C:\Users\PC\TEMPLATE\mychat\node_modules\sass-loader\lib\loader.js:52:13)
[1]     at Object.done [as callback] (C:\Users\PC\TEMPLATE\mychat\node_modules\neo-async\async.js:8077:18)
[1]     at options.error (C:\Users\PC\TEMPLATE\mychat\node_modules\node-sass\lib\index.js:294:32)
[1]  @ multi ./resources/assets/js/app.js ./resources/assets/sass/app.scss main[1]
[1] Child extract-text-webpack-plugin node_modules/extract-text-webpack-plugin/dist node_modules/css-loader/dist/cjs.js!node_modules/sass-loader/lib/loader.js!resources/assets/sass/app.scss:
[1]     Entrypoint undefined = extract-text-webpack-plugin-output-filename
[1]     [./node_modules/css-loader/dist/cjs.js!./node_modules/sass-loader/lib/loader.js!./resources/assets/sass/app.scss] 337 bytes {1} [built] [failed] [1 error]
[1]     
[1]     ERROR in ./resources/assets/sass/app.scss (./node_modules/css-loader/dist/cjs.js!./node_modules/sass-loader/lib/loader.js!./resources/assets/sass/app.scss)
[1]     Module build failed (from ./node_modules/sass-loader/lib/loader.js):
[1]     
[1]     @import "basics";
[1]     ^
[1]           File to import not found or unreadable: C:\Users\PC\TEMPLATE\mychat\resources\assets\sass\_basics.scss.
[1]           in C:\Users\PC\TEMPLATE\mychat\resources\assets\sass\app.scss (line 5, column 1)
[1] Child extract-text-webpack-plugin node_modules/extract-text-webpack-plugin/dist node_modules/css-loader/dist/cjs.js!node_modules/sass-loader/lib/loader.js!resources/assets/sass/app.scss:
[1]     Entrypoint undefined = extract-text-webpack-plugin-output-filename
[1]     [./node_modules/css-loader/dist/cjs.js!./node_modules/sass-loader/lib/loader.js!./resources/assets/sass/app.scss] 202 KiB {0} [built]
[1]         + 1 hidden module
[1] Hash: 8e185ee8f4d1f00d6d36
[1] Version: webpack 4.29.6
[1] Time: 15ms
[1] Built at: 2019-03-16 21:38:57
[1]                 Asset     Size  Chunks             Chunk Names
[1] ../public/css/app.css  194 KiB    main  [emitted]  main
[1]  + 1 hidden asset
[1] Entrypoint main = ../public/js/app.js ../public/css/app.css
[1]    63 modules
[1] Hash: 62bd795426c83dbe802e
[1] Version: webpack 4.29.6
[1] Time: 489ms
[1] Built at: 2019-03-16 21:39:08
[1]                 Asset     Size  Chunks             Chunk Names
[1] ../public/css/app.css  194 KiB    main  [emitted]  main
[1]  + 1 hidden asset
[1] Entrypoint main = ../public/js/app.js ../public/css/app.css
[1] [./resources/assets/sass/app.scss] 41 bytes {main} [built]
[1]     + 62 hidden modules
[1] Child extract-text-webpack-plugin node_modules/extract-text-webpack-plugin/dist node_modules/css-loader/dist/cjs.js!node_modules/sass-loader/lib/loader.js!resources/assets/sass/app.scss:
[1]     Entrypoint undefined = extract-text-webpack-plugin-output-filename
[1]     [./node_modules/css-loader/dist/cjs.js!./node_modules/sass-loader/lib/loader.js!./resources/assets/sass/app.scss] 202 KiB {0} [built]
[1]         + 1 hidden module
[1] Hash: 6f5f501a6b4234512b19
[1] Version: webpack 4.29.6
[1] Time: 579ms
[1] Built at: 2019-03-16 21:40:48
[1]                 Asset     Size  Chunks             Chunk Names
[1] ../public/css/app.css  194 KiB    main  [emitted]  main
[1]  + 1 hidden asset
[1] Entrypoint main = ../public/js/app.js ../public/css/app.css
[1] [./resources/assets/sass/app.scss] 41 bytes {main} [built]
[1]     + 62 hidden modules
[1] Child extract-text-webpack-plugin node_modules/extract-text-webpack-plugin/dist node_modules/css-loader/dist/cjs.js!node_modules/sass-loader/lib/loader.js!resources/assets/sass/app.scss:
[1]     Entrypoint undefined = extract-text-webpack-plugin-output-filename
[1]     [./node_modules/css-loader/dist/cjs.js!./node_modules/sass-loader/lib/loader.js!./resources/assets/sass/app.scss] 202 KiB {1} [built]
[1]         + 1 hidden module
[1] Hash: c1b2f08e813b86267e38
[1] Version: webpack 4.29.6
[1] Time: 574ms
[1] Built at: 2019-03-16 21:41:18
[1]                 Asset     Size  Chunks             Chunk Names
[1] ../public/css/app.css  194 KiB    main  [emitted]  main
[1]  + 1 hidden asset
[1] Entrypoint main = ../public/js/app.js ../public/css/app.css
[1] [./resources/assets/sass/app.scss] 41 bytes {main} [built]
[1]     + 62 hidden modules
[1] Child extract-text-webpack-plugin node_modules/extract-text-webpack-plugin/dist node_modules/css-loader/dist/cjs.js!node_modules/sass-loader/lib/loader.js!resources/assets/sass/app.scss:
[1]     Entrypoint undefined = extract-text-webpack-plugin-output-filename
[1]     [./node_modules/css-loader/dist/cjs.js!./node_modules/sass-loader/lib/loader.js!./resources/assets/sass/app.scss] 202 KiB {0} [built]
[1]         + 1 hidden module
[1] Hash: a21de82e46f0e35b6bc3
[1] Version: webpack 4.29.6
[1] Time: 543ms
[1] Built at: 2019-03-16 21:41:36
[1]                 Asset     Size  Chunks             Chunk Names
[1] ../public/css/app.css  194 KiB    main  [emitted]  main
[1]  + 1 hidden asset
[1] Entrypoint main = ../public/js/app.js ../public/css/app.css
[1] [./resources/assets/sass/app.scss] 41 bytes {main} [built]
[1]     + 62 hidden modules
[1] Child extract-text-webpack-plugin node_modules/extract-text-webpack-plugin/dist node_modules/css-loader/dist/cjs.js!node_modules/sass-loader/lib/loader.js!resources/assets/sass/app.scss:
[1]     Entrypoint undefined = extract-text-webpack-plugin-output-filename
[1]     [./node_modules/css-loader/dist/cjs.js!./node_modules/sass-loader/lib/loader.js!./resources/assets/sass/app.scss] 202 KiB {1} [built]
[1]         + 1 hidden module
[1] Hash: 281f723061491f175328
[1] Version: webpack 4.29.6
[1] Time: 570ms
[1] Built at: 2019-03-16 21:41:46
[1]                 Asset     Size  Chunks             Chunk Names
[1] ../public/css/app.css  194 KiB    main  [emitted]  main
[1]  + 1 hidden asset
[1] Entrypoint main = ../public/js/app.js ../public/css/app.css
[1] [./resources/assets/sass/app.scss] 41 bytes {main} [built]
[1]     + 62 hidden modules
[1] Child extract-text-webpack-plugin node_modules/extract-text-webpack-plugin/dist node_modules/css-loader/dist/cjs.js!node_modules/sass-loader/lib/loader.js!resources/assets/sass/app.scss:
[1]     Entrypoint undefined = extract-text-webpack-plugin-output-filename
[1]     [./node_modules/css-loader/dist/cjs.js!./node_modules/sass-loader/lib/loader.js!./resources/assets/sass/app.scss] 202 KiB {0} [built]
[1]         + 1 hidden module
[1] Hash: 115d129c7513c61ca632
[1] Version: webpack 4.29.6
[1] Time: 678ms
[1] Built at: 2019-03-16 21:42:44
[1]                 Asset     Size  Chunks             Chunk Names
[1] ../public/css/app.css  194 KiB    main  [emitted]  main
[1]  + 1 hidden asset
[1] Entrypoint main = ../public/js/app.js ../public/css/app.css
[1] [./resources/assets/sass/app.scss] 41 bytes {main} [built]
[1]     + 62 hidden modules
[1] Child extract-text-webpack-plugin node_modules/extract-text-webpack-plugin/dist node_modules/css-loader/dist/cjs.js!node_modules/sass-loader/lib/loader.js!resources/assets/sass/app.scss:
[1]     Entrypoint undefined = extract-text-webpack-plugin-output-filename
[1]     [./node_modules/css-loader/dist/cjs.js!./node_modules/sass-loader/lib/loader.js!./resources/assets/sass/app.scss] 203 KiB {1} [built]
[1]         + 1 hidden module
[1] Hash: 10ffe7bef10803128dc1
[1] Version: webpack 4.29.6
[1] Time: 509ms
[1] Built at: 2019-03-16 21:42:58
[1]                 Asset     Size  Chunks             Chunk Names
[1] ../public/css/app.css  194 KiB    main  [emitted]  main
[1]  + 1 hidden asset
[1] Entrypoint main = ../public/js/app.js ../public/css/app.css
[1] [./resources/assets/sass/app.scss] 41 bytes {main} [built]
[1]     + 62 hidden modules
[1] Child extract-text-webpack-plugin node_modules/extract-text-webpack-plugin/dist node_modules/css-loader/dist/cjs.js!node_modules/sass-loader/lib/loader.js!resources/assets/sass/app.scss:
[1]     Entrypoint undefined = extract-text-webpack-plugin-output-filename
[1]     [./node_modules/css-loader/dist/cjs.js!./node_modules/sass-loader/lib/loader.js!./resources/assets/sass/app.scss] 203 KiB {0} [built]
[1]         + 1 hidden module
[1] Hash: 630a6813834f783df863
[1] Version: webpack 4.29.6
[1] Time: 527ms
[1] Built at: 2019-03-16 21:43:26
[1]                 Asset     Size  Chunks             Chunk Names
[1] ../public/css/app.css  194 KiB    main  [emitted]  main
[1]  + 1 hidden asset
[1] Entrypoint main = ../public/js/app.js ../public/css/app.css
[1] [./resources/assets/sass/app.scss] 41 bytes {main} [built]
[1]     + 62 hidden modules
[1] Child extract-text-webpack-plugin node_modules/extract-text-webpack-plugin/dist node_modules/css-loader/dist/cjs.js!node_modules/sass-loader/lib/loader.js!resources/assets/sass/app.scss:
[1]     Entrypoint undefined = extract-text-webpack-plugin-output-filename
[1]     [./node_modules/css-loader/dist/cjs.js!./node_modules/sass-loader/lib/loader.js!./resources/assets/sass/app.scss] 202 KiB {1} [built]
[1]         + 1 hidden module
[1] Hash: 4f08aafa73fc099c35fa
[1] Version: webpack 4.29.6
[1] Time: 658ms
[1] Built at: 2019-03-16 21:43:46
[1]                 Asset     Size  Chunks             Chunk Names
[1] ../public/css/app.css  194 KiB    main  [emitted]  main
[1]  + 1 hidden asset
[1] Entrypoint main = ../public/js/app.js ../public/css/app.css
[1] [./resources/assets/sass/app.scss] 41 bytes {main} [built]
[1]     + 62 hidden modules
[1] Child extract-text-webpack-plugin node_modules/extract-text-webpack-plugin/dist node_modules/css-loader/dist/cjs.js!node_modules/sass-loader/lib/loader.js!resources/assets/sass/app.scss:
[1]     Entrypoint undefined = extract-text-webpack-plugin-output-filename
[1]     [./node_modules/css-loader/dist/cjs.js!./node_modules/sass-loader/lib/loader.js!./resources/assets/sass/app.scss] 203 KiB {0} [built]
[1]         + 1 hidden module
[1] Hash: bc8385a6ead5c85e6cb6
[1] Version: webpack 4.29.6
[1] Time: 542ms
[1] Built at: 2019-03-16 21:44:09
[1]                 Asset     Size  Chunks             Chunk Names
[1] ../public/css/app.css  194 KiB    main  [emitted]  main
[1]  + 1 hidden asset
[1] Entrypoint main = ../public/js/app.js ../public/css/app.css
[1] [./resources/assets/sass/app.scss] 41 bytes {main} [built]
[1]     + 62 hidden modules
[1] Child extract-text-webpack-plugin node_modules/extract-text-webpack-plugin/dist node_modules/css-loader/dist/cjs.js!node_modules/sass-loader/lib/loader.js!resources/assets/sass/app.scss:
[1]     Entrypoint undefined = extract-text-webpack-plugin-output-filename
[1]     [./node_modules/css-loader/dist/cjs.js!./node_modules/sass-loader/lib/loader.js!./resources/assets/sass/app.scss] 203 KiB {1} [built]
[1]         + 1 hidden module
[1] Hash: 691c4f958f29027417ba
[1] Version: webpack 4.29.6
[1] Time: 543ms
[1] Built at: 2019-03-16 21:44:42
[1]                 Asset     Size  Chunks             Chunk Names
[1] ../public/css/app.css  194 KiB    main  [emitted]  main
[1]  + 1 hidden asset
[1] Entrypoint main = ../public/js/app.js ../public/css/app.css
[1] [./resources/assets/sass/app.scss] 41 bytes {main} [built]
[1]     + 62 hidden modules
[1] Child extract-text-webpack-plugin node_modules/extract-text-webpack-plugin/dist node_modules/css-loader/dist/cjs.js!node_modules/sass-loader/lib/loader.js!resources/assets/sass/app.scss:
[1]     Entrypoint undefined = extract-text-webpack-plugin-output-filename
[1]     [./node_modules/css-loader/dist/cjs.js!./node_modules/sass-loader/lib/loader.js!./resources/assets/sass/app.scss] 203 KiB {0} [built]
[1]         + 1 hidden module
[1] Hash: cdc6c60f289a1bfbab9a
[1] Version: webpack 4.29.6
[1] Time: 632ms
[1] Built at: 2019-03-16 21:45:05
[1]                 Asset     Size  Chunks             Chunk Names
[1] ../public/css/app.css  194 KiB    main  [emitted]  main
[1]  + 1 hidden asset
[1] Entrypoint main = ../public/js/app.js ../public/css/app.css
[1] [./resources/assets/sass/app.scss] 41 bytes {main} [built]
[1]     + 62 hidden modules
[1] Child extract-text-webpack-plugin node_modules/extract-text-webpack-plugin/dist node_modules/css-loader/dist/cjs.js!node_modules/sass-loader/lib/loader.js!resources/assets/sass/app.scss:
[1]     Entrypoint undefined = extract-text-webpack-plugin-output-filename
[1]     [./node_modules/css-loader/dist/cjs.js!./node_modules/sass-loader/lib/loader.js!./resources/assets/sass/app.scss] 203 KiB {1} [built]
[1]         + 1 hidden module
[1] Hash: 1e571334f824c722abe6
[1] Version: webpack 4.29.6
[1] Time: 560ms
[1] Built at: 2019-03-16 21:46:19
[1]                 Asset     Size  Chunks             Chunk Names
[1] ../public/css/app.css  194 KiB    main  [emitted]  main
[1]  + 1 hidden asset
[1] Entrypoint main = ../public/js/app.js ../public/css/app.css
[1] [./resources/assets/sass/app.scss] 41 bytes {main} [built]
[1]     + 62 hidden modules
[1] Child extract-text-webpack-plugin node_modules/extract-text-webpack-plugin/dist node_modules/css-loader/dist/cjs.js!node_modules/sass-loader/lib/loader.js!resources/assets/sass/app.scss:
[1]     Entrypoint undefined = extract-text-webpack-plugin-output-filename
[1]     [./node_modules/css-loader/dist/cjs.js!./node_modules/sass-loader/lib/loader.js!./resources/assets/sass/app.scss] 203 KiB {0} [built]
[1]         + 1 hidden module
[1] Hash: 67e95221bd8bbeaa6026
[1] Version: webpack 4.29.6
[1] Time: 539ms
[1] Built at: 2019-03-16 21:47:01
[1]                 Asset     Size  Chunks             Chunk Names
[1] ../public/css/app.css  194 KiB    main  [emitted]  main
[1]  + 1 hidden asset
[1] Entrypoint main = ../public/js/app.js ../public/css/app.css
[1] [./resources/assets/sass/app.scss] 41 bytes {main} [built]
[1]     + 62 hidden modules
[1] Child extract-text-webpack-plugin node_modules/extract-text-webpack-plugin/dist node_modules/css-loader/dist/cjs.js!node_modules/sass-loader/lib/loader.js!resources/assets/sass/app.scss:
[1]     Entrypoint undefined = extract-text-webpack-plugin-output-filename
[1]     [./node_modules/css-loader/dist/cjs.js!./node_modules/sass-loader/lib/loader.js!./resources/assets/sass/app.scss] 202 KiB {1} [built]
[1]         + 1 hidden module
[1] Hash: 6e1451c736bc84c922e5
[1] Version: webpack 4.29.6
[1] Time: 600ms
[1] Built at: 2019-03-16 21:47:24
[1]                 Asset     Size  Chunks             Chunk Names
[1] ../public/css/app.css  194 KiB    main  [emitted]  main
[1]  + 1 hidden asset
[1] Entrypoint main = ../public/js/app.js ../public/css/app.css
[1] [./resources/assets/sass/app.scss] 41 bytes {main} [built]
[1]     + 62 hidden modules
[1] Child extract-text-webpack-plugin node_modules/extract-text-webpack-plugin/dist node_modules/css-loader/dist/cjs.js!node_modules/sass-loader/lib/loader.js!resources/assets/sass/app.scss:
[1]     Entrypoint undefined = extract-text-webpack-plugin-output-filename
[1]     [./node_modules/css-loader/dist/cjs.js!./node_modules/sass-loader/lib/loader.js!./resources/assets/sass/app.scss] 202 KiB {0} [built]
[1]         + 1 hidden module
[1] Hash: 9090da0d6e2670cd2aa1
[1] Version: webpack 4.29.6
[1] Time: 548ms
[1] Built at: 2019-03-16 21:47:30
[1]                 Asset     Size  Chunks             Chunk Names
[1] ../public/css/app.css  194 KiB    main  [emitted]  main
[1]  + 1 hidden asset
[1] Entrypoint main = ../public/js/app.js ../public/css/app.css
[1] [./resources/assets/sass/app.scss] 41 bytes {main} [built]
[1]     + 62 hidden modules
[1] Child extract-text-webpack-plugin node_modules/extract-text-webpack-plugin/dist node_modules/css-loader/dist/cjs.js!node_modules/sass-loader/lib/loader.js!resources/assets/sass/app.scss:
[1]     Entrypoint undefined = extract-text-webpack-plugin-output-filename
[1]     [./node_modules/css-loader/dist/cjs.js!./node_modules/sass-loader/lib/loader.js!./resources/assets/sass/app.scss] 202 KiB {1} [built]
[1]         + 1 hidden module
[1] Hash: 5bec13b1b4ddaa1ff227
[1] Version: webpack 4.29.6
[1] Time: 508ms
[1] Built at: 2019-03-16 21:47:33
[1]                 Asset     Size  Chunks             Chunk Names
[1] ../public/css/app.css  194 KiB    main  [emitted]  main
[1]  + 1 hidden asset
[1] Entrypoint main = ../public/js/app.js ../public/css/app.css
[1] [./resources/assets/sass/app.scss] 41 bytes {main} [built]
[1]     + 62 hidden modules
[1] Child extract-text-webpack-plugin node_modules/extract-text-webpack-plugin/dist node_modules/css-loader/dist/cjs.js!node_modules/sass-loader/lib/loader.js!resources/assets/sass/app.scss:
[1]     Entrypoint undefined = extract-text-webpack-plugin-output-filename
[1]     [./node_modules/css-loader/dist/cjs.js!./node_modules/sass-loader/lib/loader.js!./resources/assets/sass/app.scss] 202 KiB {0} [built]
[1]         + 1 hidden module
[1] Hash: ed2c5fdc6dfccea53ddf
[1] Version: webpack 4.29.6
[1] Time: 95ms
[1] Built at: 2019-03-16 21:48:00
[1]               Asset      Size  Chunks             Chunk Names
[1] ../public/js/app.js  1.12 MiB    main  [emitted]  main
[1] Entrypoint main = ../public/js/app.js
[1] [./resources/assets/sass/app.scss] 1.15 KiB [built] [failed] [1 error]
[1]     + 62 hidden modules
[1] 
[1] ERROR in ./resources/assets/sass/app.scss
[1] Module build failed (from ./node_modules/css-loader/dist/cjs.js):
[1] ModuleBuildError: Module build failed (from ./node_modules/sass-loader/lib/loader.js):
[1] 
[1]                     color: #000;
[1]                    ^
[1]       Invalid CSS after "...          color": expected "}", was ": #000;"
[1]       in C:\Users\PC\TEMPLATE\mychat\resources\assets\sass\_basics.scss (line 16, column 21)
[1]     at runLoaders (C:\Users\PC\TEMPLATE\mychat\node_modules\webpack\lib\NormalModule.js:301:20)
[1]     at C:\Users\PC\TEMPLATE\mychat\node_modules\loader-runner\lib\LoaderRunner.js:367:11
[1]     at C:\Users\PC\TEMPLATE\mychat\node_modules\loader-runner\lib\LoaderRunner.js:233:18
[1]     at context.callback (C:\Users\PC\TEMPLATE\mychat\node_modules\loader-runner\lib\LoaderRunner.js:111:13)
[1]     at Object.render [as callback] (C:\Users\PC\TEMPLATE\mychat\node_modules\sass-loader\lib\loader.js:52:13)
[1]     at Object.done [as callback] (C:\Users\PC\TEMPLATE\mychat\node_modules\neo-async\async.js:8077:18)
[1]     at options.error (C:\Users\PC\TEMPLATE\mychat\node_modules\node-sass\lib\index.js:294:32)
[1]  @ multi ./resources/assets/js/app.js ./resources/assets/sass/app.scss main[1]
[1] 
[1] ERROR in ./resources/assets/sass/app.scss
[1] Module build failed (from ./node_modules/css-loader/dist/cjs.js):
[1] ModuleBuildError: Module build failed (from ./node_modules/sass-loader/lib/loader.js):
[1] 
[1]                     color: #000;
[1]                    ^
[1]       Invalid CSS after "...          color": expected "}", was ": #000;"
[1]       in C:\Users\PC\TEMPLATE\mychat\resources\assets\sass\_basics.scss (line 16, column 21)
[1]     at runLoaders (C:\Users\PC\TEMPLATE\mychat\node_modules\webpack\lib\NormalModule.js:301:20)
[1]     at C:\Users\PC\TEMPLATE\mychat\node_modules\loader-runner\lib\LoaderRunner.js:367:11
[1]     at C:\Users\PC\TEMPLATE\mychat\node_modules\loader-runner\lib\LoaderRunner.js:233:18
[1]     at context.callback (C:\Users\PC\TEMPLATE\mychat\node_modules\loader-runner\lib\LoaderRunner.js:111:13)
[1]     at Object.render [as callback] (C:\Users\PC\TEMPLATE\mychat\node_modules\sass-loader\lib\loader.js:52:13)
[1]     at Object.done [as callback] (C:\Users\PC\TEMPLATE\mychat\node_modules\neo-async\async.js:8077:18)
[1]     at options.error (C:\Users\PC\TEMPLATE\mychat\node_modules\node-sass\lib\index.js:294:32)
[1]  @ ./resources/assets/sass/app.scss
[1] Child extract-text-webpack-plugin node_modules/extract-text-webpack-plugin/dist node_modules/css-loader/dist/cjs.js!node_modules/sass-loader/lib/loader.js!resources/assets/sass/app.scss:
[1]     Entrypoint undefined = extract-text-webpack-plugin-output-filename
[1]     [./node_modules/css-loader/dist/cjs.js!./node_modules/sass-loader/lib/loader.js!./resources/assets/sass/app.scss] 337 bytes {1} [built] [failed] [1 error]
[1]     
[1]     ERROR in ./resources/assets/sass/app.scss (./node_modules/css-loader/dist/cjs.js!./node_modules/sass-loader/lib/loader.js!./resources/assets/sass/app.scss)
[1]     Module build failed (from ./node_modules/sass-loader/lib/loader.js):
[1]     
[1]                         color: #000;
[1]                        ^
[1]           Invalid CSS after "...          color": expected "}", was ": #000;"
[1]           in C:\Users\PC\TEMPLATE\mychat\resources\assets\sass\_basics.scss (line 16, column 21)
[1] Child extract-text-webpack-plugin node_modules/extract-text-webpack-plugin/dist node_modules/css-loader/dist/cjs.js!node_modules/sass-loader/lib/loader.js!resources/assets/sass/app.scss:
[1]     Entrypoint undefined = extract-text-webpack-plugin-output-filename
[1]     [./node_modules/css-loader/dist/cjs.js!./node_modules/sass-loader/lib/loader.js!./resources/assets/sass/app.scss] 337 bytes {1} [built] [failed] [1 error]
[1]     
[1]     ERROR in ./resources/assets/sass/app.scss (./node_modules/css-loader/dist/cjs.js!./node_modules/sass-loader/lib/loader.js!./resources/assets/sass/app.scss)
[1]     Module build failed (from ./node_modules/sass-loader/lib/loader.js):
[1]     
[1]                         color: #000;
[1]                        ^
[1]           Invalid CSS after "...          color": expected "}", was ": #000;"
[1]           in C:\Users\PC\TEMPLATE\mychat\resources\assets\sass\_basics.scss (line 16, column 21)
[1] Hash: bb84f4dd3bb48d70d382
[1] Version: webpack 4.29.6
[1] Time: 559ms
[1] Built at: 2019-03-16 21:48:06
[1]                 Asset      Size  Chunks             Chunk Names
[1] ../public/css/app.css   194 KiB    main  [emitted]  main
[1]   ../public/js/app.js  1.12 MiB    main  [emitted]  main
[1] Entrypoint main = ../public/js/app.js ../public/css/app.css
[1] [./resources/assets/sass/app.scss] 41 bytes {main} [built]
[1]     + 62 hidden modules
[1] Child extract-text-webpack-plugin node_modules/extract-text-webpack-plugin/dist node_modules/css-loader/dist/cjs.js!node_modules/sass-loader/lib/loader.js!resources/assets/sass/app.scss:
[1]     Entrypoint undefined = extract-text-webpack-plugin-output-filename
[1]     [./node_modules/css-loader/dist/cjs.js!./node_modules/sass-loader/lib/loader.js!./resources/assets/sass/app.scss] 202 KiB {0} [built]
[1]         + 1 hidden module
[1] Hash: b1e4a75c6e5121a6b551
[1] Version: webpack 4.29.6
[1] Time: 529ms
[1] Built at: 2019-03-16 21:48:16
[1]                 Asset     Size  Chunks             Chunk Names
[1] ../public/css/app.css  194 KiB    main  [emitted]  main
[1]  + 1 hidden asset
[1] Entrypoint main = ../public/js/app.js ../public/css/app.css
[1] [./resources/assets/sass/app.scss] 41 bytes {main} [built]
[1]     + 62 hidden modules
[1] Child extract-text-webpack-plugin node_modules/extract-text-webpack-plugin/dist node_modules/css-loader/dist/cjs.js!node_modules/sass-loader/lib/loader.js!resources/assets/sass/app.scss:
[1]     Entrypoint undefined = extract-text-webpack-plugin-output-filename
[1]     [./node_modules/css-loader/dist/cjs.js!./node_modules/sass-loader/lib/loader.js!./resources/assets/sass/app.scss] 202 KiB {1} [built]
[1]         + 1 hidden module
[1] Hash: e454e231b1bedd198406
[1] Version: webpack 4.29.6
[1] Time: 494ms
[1] Built at: 2019-03-16 21:48:20
[1]                 Asset     Size  Chunks             Chunk Names
[1] ../public/css/app.css  194 KiB    main  [emitted]  main
[1]  + 1 hidden asset
[1] Entrypoint main = ../public/js/app.js ../public/css/app.css
[1] [./resources/assets/sass/app.scss] 41 bytes {main} [built]
[1]     + 62 hidden modules
[1] Child extract-text-webpack-plugin node_modules/extract-text-webpack-plugin/dist node_modules/css-loader/dist/cjs.js!node_modules/sass-loader/lib/loader.js!resources/assets/sass/app.scss:
[1]     Entrypoint undefined = extract-text-webpack-plugin-output-filename
[1]     [./node_modules/css-loader/dist/cjs.js!./node_modules/sass-loader/lib/loader.js!./resources/assets/sass/app.scss] 202 KiB {0} [built]
[1]         + 1 hidden module
[1] Hash: c9f81638b16ee5653a17
[1] Version: webpack 4.29.6
[1] Time: 529ms
[1] Built at: 2019-03-16 21:48:26
[1]                 Asset     Size  Chunks             Chunk Names
[1] ../public/css/app.css  194 KiB    main  [emitted]  main
[1]  + 1 hidden asset
[1] Entrypoint main = ../public/js/app.js ../public/css/app.css
[1] [./resources/assets/sass/app.scss] 41 bytes {main} [built]
[1]     + 62 hidden modules
[1] Child extract-text-webpack-plugin node_modules/extract-text-webpack-plugin/dist node_modules/css-loader/dist/cjs.js!node_modules/sass-loader/lib/loader.js!resources/assets/sass/app.scss:
[1]     Entrypoint undefined = extract-text-webpack-plugin-output-filename
[1]     [./node_modules/css-loader/dist/cjs.js!./node_modules/sass-loader/lib/loader.js!./resources/assets/sass/app.scss] 202 KiB {1} [built]
[1]         + 1 hidden module
[1] Hash: 0042045aed1bcbfb08ce
[1] Version: webpack 4.29.6
[1] Time: 480ms
[1] Built at: 2019-03-16 21:48:50
[1]                 Asset     Size  Chunks             Chunk Names
[1] ../public/css/app.css  194 KiB    main  [emitted]  main
[1]  + 1 hidden asset
[1] Entrypoint main = ../public/js/app.js ../public/css/app.css
[1] [./resources/assets/sass/app.scss] 41 bytes {main} [built]
[1]     + 62 hidden modules
[1] Child extract-text-webpack-plugin node_modules/extract-text-webpack-plugin/dist node_modules/css-loader/dist/cjs.js!node_modules/sass-loader/lib/loader.js!resources/assets/sass/app.scss:
[1]     Entrypoint undefined = extract-text-webpack-plugin-output-filename
[1]     [./node_modules/css-loader/dist/cjs.js!./node_modules/sass-loader/lib/loader.js!./resources/assets/sass/app.scss] 202 KiB {0} [built]
[1]         + 1 hidden module
[1] Hash: 2bd5f2b4f5e92657752d
[1] Version: webpack 4.29.6
[1] Time: 655ms
[1] Built at: 2019-03-16 21:50:07
[1]                 Asset     Size  Chunks             Chunk Names
[1] ../public/css/app.css  194 KiB    main  [emitted]  main
[1]  + 1 hidden asset
[1] Entrypoint main = ../public/js/app.js ../public/css/app.css
[1] [./resources/assets/sass/app.scss] 41 bytes {main} [built]
[1]     + 62 hidden modules
[1] Child extract-text-webpack-plugin node_modules/extract-text-webpack-plugin/dist node_modules/css-loader/dist/cjs.js!node_modules/sass-loader/lib/loader.js!resources/assets/sass/app.scss:
[1]     Entrypoint undefined = extract-text-webpack-plugin-output-filename
[1]     [./node_modules/css-loader/dist/cjs.js!./node_modules/sass-loader/lib/loader.js!./resources/assets/sass/app.scss] 203 KiB {1} [built]
[1]         + 1 hidden module
[1] Hash: 94d08e18d5b80e4c0697
[1] Version: webpack 4.29.6
[1] Time: 533ms
[1] Built at: 2019-03-16 21:50:15
[1]                 Asset     Size  Chunks             Chunk Names
[1] ../public/css/app.css  194 KiB    main  [emitted]  main
[1]  + 1 hidden asset
[1] Entrypoint main = ../public/js/app.js ../public/css/app.css
[1] [./resources/assets/sass/app.scss] 41 bytes {main} [built]
[1]     + 62 hidden modules
[1] Child extract-text-webpack-plugin node_modules/extract-text-webpack-plugin/dist node_modules/css-loader/dist/cjs.js!node_modules/sass-loader/lib/loader.js!resources/assets/sass/app.scss:
[1]     Entrypoint undefined = extract-text-webpack-plugin-output-filename
[1]     [./node_modules/css-loader/dist/cjs.js!./node_modules/sass-loader/lib/loader.js!./resources/assets/sass/app.scss] 203 KiB {0} [built]
[1]         + 1 hidden module
[1] Hash: 632c5a5006d6eb686e36
[1] Version: webpack 4.29.6
[1] Time: 564ms
[1] Built at: 2019-03-16 21:51:03
[1]                 Asset     Size  Chunks             Chunk Names
[1] ../public/css/app.css  194 KiB    main  [emitted]  main
[1]  + 1 hidden asset
[1] Entrypoint main = ../public/js/app.js ../public/css/app.css
[1] [./resources/assets/sass/app.scss] 41 bytes {main} [built]
[1]     + 62 hidden modules
[1] Child extract-text-webpack-plugin node_modules/extract-text-webpack-plugin/dist node_modules/css-loader/dist/cjs.js!node_modules/sass-loader/lib/loader.js!resources/assets/sass/app.scss:
[1]     Entrypoint undefined = extract-text-webpack-plugin-output-filename
[1]     [./node_modules/css-loader/dist/cjs.js!./node_modules/sass-loader/lib/loader.js!./resources/assets/sass/app.scss] 203 KiB {1} [built]
[1]         + 1 hidden module
[1] Hash: e3c033e9c963f7584e34
[1] Version: webpack 4.29.6
[1] Time: 634ms
[1] Built at: 2019-03-16 21:51:20
[1]                 Asset     Size  Chunks             Chunk Names
[1] ../public/css/app.css  194 KiB    main  [emitted]  main
[1]  + 1 hidden asset
[1] Entrypoint main = ../public/js/app.js ../public/css/app.css
[1] [./resources/assets/sass/app.scss] 41 bytes {main} [built]
[1]     + 62 hidden modules
[1] Child extract-text-webpack-plugin node_modules/extract-text-webpack-plugin/dist node_modules/css-loader/dist/cjs.js!node_modules/sass-loader/lib/loader.js!resources/assets/sass/app.scss:
[1]     Entrypoint undefined = extract-text-webpack-plugin-output-filename
[1]     [./node_modules/css-loader/dist/cjs.js!./node_modules/sass-loader/lib/loader.js!./resources/assets/sass/app.scss] 203 KiB {0} [built]
[1]         + 1 hidden module
[1] Hash: 3098a82e885ba784888f
[1] Version: webpack 4.29.6
[1] Time: 612ms
[1] Built at: 2019-03-16 21:51:45
[1]                 Asset     Size  Chunks             Chunk Names
[1] ../public/css/app.css  194 KiB    main  [emitted]  main
[1]  + 1 hidden asset
[1] Entrypoint main = ../public/js/app.js ../public/css/app.css
[1] [./resources/assets/sass/app.scss] 41 bytes {main} [built]
[1]     + 62 hidden modules
[1] Child extract-text-webpack-plugin node_modules/extract-text-webpack-plugin/dist node_modules/css-loader/dist/cjs.js!node_modules/sass-loader/lib/loader.js!resources/assets/sass/app.scss:
[1]     Entrypoint undefined = extract-text-webpack-plugin-output-filename
[1]     [./node_modules/css-loader/dist/cjs.js!./node_modules/sass-loader/lib/loader.js!./resources/assets/sass/app.scss] 203 KiB {1} [built]
[1]         + 1 hidden module
[1] Hash: e3c033e9c963f7584e34
[1] Version: webpack 4.29.6
[1] Time: 466ms
[1] Built at: 2019-03-16 21:52:11
[1]                 Asset     Size  Chunks             Chunk Names
[1] ../public/css/app.css  194 KiB    main  [emitted]  main
[1]  + 1 hidden asset
[1] Entrypoint main = ../public/js/app.js ../public/css/app.css
[1] [./resources/assets/sass/app.scss] 41 bytes {main} [built]
[1]     + 62 hidden modules
[1] Child extract-text-webpack-plugin node_modules/extract-text-webpack-plugin/dist node_modules/css-loader/dist/cjs.js!node_modules/sass-loader/lib/loader.js!resources/assets/sass/app.scss:
[1]     Entrypoint undefined = extract-text-webpack-plugin-output-filename
[1]     [./node_modules/css-loader/dist/cjs.js!./node_modules/sass-loader/lib/loader.js!./resources/assets/sass/app.scss] 203 KiB {0} [built]
[1]         + 1 hidden module
[1] Hash: b1f74d22ff0eaf0ac5b5
[1] Version: webpack 4.29.6
[1] Time: 544ms
[1] Built at: 2019-03-16 21:52:15
[1]                 Asset     Size  Chunks             Chunk Names
[1] ../public/css/app.css  194 KiB    main  [emitted]  main
[1]  + 1 hidden asset
[1] Entrypoint main = ../public/js/app.js ../public/css/app.css
[1] [./resources/assets/sass/app.scss] 41 bytes {main} [built]
[1]     + 62 hidden modules
[1] Child extract-text-webpack-plugin node_modules/extract-text-webpack-plugin/dist node_modules/css-loader/dist/cjs.js!node_modules/sass-loader/lib/loader.js!resources/assets/sass/app.scss:
[1]     Entrypoint undefined = extract-text-webpack-plugin-output-filename
[1]     [./node_modules/css-loader/dist/cjs.js!./node_modules/sass-loader/lib/loader.js!./resources/assets/sass/app.scss] 203 KiB {1} [built]
[1]         + 1 hidden module
[1] Hash: 94d08e18d5b80e4c0697
[1] Version: webpack 4.29.6
[1] Time: 527ms
[1] Built at: 2019-03-16 21:53:40
[1]                 Asset     Size  Chunks             Chunk Names
[1] ../public/css/app.css  194 KiB    main  [emitted]  main
[1]  + 1 hidden asset
[1] Entrypoint main = ../public/js/app.js ../public/css/app.css
[1] [./resources/assets/sass/app.scss] 41 bytes {main} [built]
[1]     + 62 hidden modules
[1] Child extract-text-webpack-plugin node_modules/extract-text-webpack-plugin/dist node_modules/css-loader/dist/cjs.js!node_modules/sass-loader/lib/loader.js!resources/assets/sass/app.scss:
[1]     Entrypoint undefined = extract-text-webpack-plugin-output-filename
[1]     [./node_modules/css-loader/dist/cjs.js!./node_modules/sass-loader/lib/loader.js!./resources/assets/sass/app.scss] 203 KiB {0} [built]
[1]         + 1 hidden module
[1] Hash: 3f56ab43add5a57ca922
[1] Version: webpack 4.29.6
[1] Time: 569ms
[1] Built at: 2019-03-16 22:13:55
[1]                 Asset     Size  Chunks             Chunk Names
[1] ../public/css/app.css  194 KiB    main  [emitted]  main
[1]  + 1 hidden asset
[1] Entrypoint main = ../public/js/app.js ../public/css/app.css
[1] [./resources/assets/sass/app.scss] 41 bytes {main} [built]
[1]     + 62 hidden modules
[1] Child extract-text-webpack-plugin node_modules/extract-text-webpack-plugin/dist node_modules/css-loader/dist/cjs.js!node_modules/sass-loader/lib/loader.js!resources/assets/sass/app.scss:
[1]     Entrypoint undefined = extract-text-webpack-plugin-output-filename
[1]     [./node_modules/css-loader/dist/cjs.js!./node_modules/sass-loader/lib/loader.js!./resources/assets/sass/app.scss] 203 KiB {1} [built]
[1]         + 1 hidden module
[1] Hash: b853a3a3c093bee1a6ad
[1] Version: webpack 4.29.6
[1] Time: 536ms
[1] Built at: 2019-03-16 22:14:04
[1]                 Asset     Size  Chunks             Chunk Names
[1] ../public/css/app.css  194 KiB    main  [emitted]  main
[1]  + 1 hidden asset
[1] Entrypoint main = ../public/js/app.js ../public/css/app.css
[1] [./resources/assets/sass/app.scss] 41 bytes {main} [built]
[1]     + 62 hidden modules
[1] Child extract-text-webpack-plugin node_modules/extract-text-webpack-plugin/dist node_modules/css-loader/dist/cjs.js!node_modules/sass-loader/lib/loader.js!resources/assets/sass/app.scss:
[1]     Entrypoint undefined = extract-text-webpack-plugin-output-filename
[1]     [./node_modules/css-loader/dist/cjs.js!./node_modules/sass-loader/lib/loader.js!./resources/assets/sass/app.scss] 203 KiB {0} [built]
[1]         + 1 hidden module
[1] Hash: 472aa62873e029ec2c7a
[1] Version: webpack 4.29.6
[1] Time: 503ms
[1] Built at: 2019-03-16 22:14:48
[1]                 Asset     Size  Chunks             Chunk Names
[1] ../public/css/app.css  194 KiB    main  [emitted]  main
[1]  + 1 hidden asset
[1] Entrypoint main = ../public/js/app.js ../public/css/app.css
[1] [./resources/assets/sass/app.scss] 41 bytes {main} [built]
[1]     + 62 hidden modules
[1] Child extract-text-webpack-plugin node_modules/extract-text-webpack-plugin/dist node_modules/css-loader/dist/cjs.js!node_modules/sass-loader/lib/loader.js!resources/assets/sass/app.scss:
[1]     Entrypoint undefined = extract-text-webpack-plugin-output-filename
[1]     [./node_modules/css-loader/dist/cjs.js!./node_modules/sass-loader/lib/loader.js!./resources/assets/sass/app.scss] 203 KiB {1} [built]
[1]         + 1 hidden module
[1] Hash: 60514db82b584b054f8e
[1] Version: webpack 4.29.6
[1] Time: 607ms
[1] Built at: 2019-03-16 22:15:02
[1]                 Asset     Size  Chunks             Chunk Names
[1] ../public/css/app.css  194 KiB    main  [emitted]  main
[1]  + 1 hidden asset
[1] Entrypoint main = ../public/js/app.js ../public/css/app.css
[1] [./resources/assets/sass/app.scss] 41 bytes {main} [built]
[1]     + 62 hidden modules
[1] Child extract-text-webpack-plugin node_modules/extract-text-webpack-plugin/dist node_modules/css-loader/dist/cjs.js!node_modules/sass-loader/lib/loader.js!resources/assets/sass/app.scss:
[1]     Entrypoint undefined = extract-text-webpack-plugin-output-filename
[1]     [./node_modules/css-loader/dist/cjs.js!./node_modules/sass-loader/lib/loader.js!./resources/assets/sass/app.scss] 203 KiB {0} [built]
[1]         + 1 hidden module
[1] Hash: a32c1f8574d5b7fa4a9b
[1] Version: webpack 4.29.6
[1] Time: 653ms
[1] Built at: 2019-03-16 23:07:17
[1]                 Asset     Size  Chunks             Chunk Names
[1] ../public/css/app.css  194 KiB    main  [emitted]  main
[1]  + 1 hidden asset
[1] Entrypoint main = ../public/js/app.js ../public/css/app.css
[1] [./resources/assets/sass/app.scss] 41 bytes {main} [built]
[1]     + 62 hidden modules
[1] Child extract-text-webpack-plugin node_modules/extract-text-webpack-plugin/dist node_modules/css-loader/dist/cjs.js!node_modules/sass-loader/lib/loader.js!resources/assets/sass/app.scss:
[1]     Entrypoint undefined = extract-text-webpack-plugin-output-filename
[1]     [./node_modules/css-loader/dist/cjs.js!./node_modules/sass-loader/lib/loader.js!./resources/assets/sass/app.scss] 203 KiB {1} [built]
[1]         + 1 hidden module
[1] Hash: c7149fd033f1f7a57637
[1] Version: webpack 4.29.6
[1] Time: 89ms
[1] Built at: 2019-03-16 23:07:44
[1]               Asset      Size  Chunks             Chunk Names
[1] ../public/js/app.js  1.12 MiB    main  [emitted]  main
[1] Entrypoint main = ../public/js/app.js
[1] [./resources/assets/sass/app.scss] 1.1 KiB [built] [failed] [1 error]
[1]     + 62 hidden modules
[1] 
[1] ERROR in ./resources/assets/sass/app.scss
[1] Module build failed (from ./node_modules/css-loader/dist/cjs.js):
[1] ModuleBuildError: Module build failed (from ./node_modules/sass-loader/lib/loader.js):
[1] 
[1] $theme-colors.each
[1] ^
[1]       Expected ':' after $theme-colors in assignment statement
[1]       in C:\Users\PC\TEMPLATE\mychat\resources\assets\sass\_basics.scss (line 50, column 1)
[1]     at runLoaders (C:\Users\PC\TEMPLATE\mychat\node_modules\webpack\lib\NormalModule.js:301:20)
[1]     at C:\Users\PC\TEMPLATE\mychat\node_modules\loader-runner\lib\LoaderRunner.js:367:11
[1]     at C:\Users\PC\TEMPLATE\mychat\node_modules\loader-runner\lib\LoaderRunner.js:233:18
[1]     at context.callback (C:\Users\PC\TEMPLATE\mychat\node_modules\loader-runner\lib\LoaderRunner.js:111:13)
[1]     at Object.render [as callback] (C:\Users\PC\TEMPLATE\mychat\node_modules\sass-loader\lib\loader.js:52:13)
[1]     at Object.done [as callback] (C:\Users\PC\TEMPLATE\mychat\node_modules\neo-async\async.js:8077:18)
[1]     at options.error (C:\Users\PC\TEMPLATE\mychat\node_modules\node-sass\lib\index.js:294:32)
[1]  @ multi ./resources/assets/js/app.js ./resources/assets/sass/app.scss main[1]
[1] 
[1] ERROR in ./resources/assets/sass/app.scss
[1] Module build failed (from ./node_modules/css-loader/dist/cjs.js):
[1] ModuleBuildError: Module build failed (from ./node_modules/sass-loader/lib/loader.js):
[1] 
[1] $theme-colors.each
[1] ^
[1]       Expected ':' after $theme-colors in assignment statement
[1]       in C:\Users\PC\TEMPLATE\mychat\resources\assets\sass\_basics.scss (line 50, column 1)
[1]     at runLoaders (C:\Users\PC\TEMPLATE\mychat\node_modules\webpack\lib\NormalModule.js:301:20)
[1]     at C:\Users\PC\TEMPLATE\mychat\node_modules\loader-runner\lib\LoaderRunner.js:367:11
[1]     at C:\Users\PC\TEMPLATE\mychat\node_modules\loader-runner\lib\LoaderRunner.js:233:18
[1]     at context.callback (C:\Users\PC\TEMPLATE\mychat\node_modules\loader-runner\lib\LoaderRunner.js:111:13)
[1]     at Object.render [as callback] (C:\Users\PC\TEMPLATE\mychat\node_modules\sass-loader\lib\loader.js:52:13)
[1]     at Object.done [as callback] (C:\Users\PC\TEMPLATE\mychat\node_modules\neo-async\async.js:8077:18)
[1]     at options.error (C:\Users\PC\TEMPLATE\mychat\node_modules\node-sass\lib\index.js:294:32)
[1]  @ ./resources/assets/sass/app.scss
[1] Child extract-text-webpack-plugin node_modules/extract-text-webpack-plugin/dist node_modules/css-loader/dist/cjs.js!node_modules/sass-loader/lib/loader.js!resources/assets/sass/app.scss:
[1]     Entrypoint undefined = extract-text-webpack-plugin-output-filename
[1]     [./node_modules/css-loader/dist/cjs.js!./node_modules/sass-loader/lib/loader.js!./resources/assets/sass/app.scss] 286 bytes {0} [built] [failed] [1 error]
[1]     
[1]     ERROR in ./resources/assets/sass/app.scss (./node_modules/css-loader/dist/cjs.js!./node_modules/sass-loader/lib/loader.js!./resources/assets/sass/app.scss)
[1]     Module build failed (from ./node_modules/sass-loader/lib/loader.js):
[1]     
[1]     $theme-colors.each
[1]     ^
[1]           Expected ':' after $theme-colors in assignment statement
[1]           in C:\Users\PC\TEMPLATE\mychat\resources\assets\sass\_basics.scss (line 50, column 1)
[1] Child extract-text-webpack-plugin node_modules/extract-text-webpack-plugin/dist node_modules/css-loader/dist/cjs.js!node_modules/sass-loader/lib/loader.js!resources/assets/sass/app.scss:
[1]     Entrypoint undefined = extract-text-webpack-plugin-output-filename
[1]     [./node_modules/css-loader/dist/cjs.js!./node_modules/sass-loader/lib/loader.js!./resources/assets/sass/app.scss] 286 bytes {0} [built] [failed] [1 error]
[1]     
[1]     ERROR in ./resources/assets/sass/app.scss (./node_modules/css-loader/dist/cjs.js!./node_modules/sass-loader/lib/loader.js!./resources/assets/sass/app.scss)
[1]     Module build failed (from ./node_modules/sass-loader/lib/loader.js):
[1]     
[1]     $theme-colors.each
[1]     ^
[1]           Expected ':' after $theme-colors in assignment statement
[1]           in C:\Users\PC\TEMPLATE\mychat\resources\assets\sass\_basics.scss (line 50, column 1)
[1] Hash: a32c1f8574d5b7fa4a9b
[1] Version: webpack 4.29.6
[1] Time: 617ms
[1] Built at: 2019-03-16 23:10:35
[1]                 Asset      Size  Chunks             Chunk Names
[1] ../public/css/app.css   194 KiB    main  [emitted]  main
[1]   ../public/js/app.js  1.12 MiB    main  [emitted]  main
[1] Entrypoint main = ../public/js/app.js ../public/css/app.css
[1] [./resources/assets/sass/app.scss] 41 bytes {main} [built]
[1]     + 62 hidden modules
[1] Child extract-text-webpack-plugin node_modules/extract-text-webpack-plugin/dist node_modules/css-loader/dist/cjs.js!node_modules/sass-loader/lib/loader.js!resources/assets/sass/app.scss:
[1]     Entrypoint undefined = extract-text-webpack-plugin-output-filename
[1]     [./node_modules/css-loader/dist/cjs.js!./node_modules/sass-loader/lib/loader.js!./resources/assets/sass/app.scss] 203 KiB {1} [built]
[1]         + 1 hidden module
[1] Hash: 60514db82b584b054f8e
[1] Version: webpack 4.29.6
[1] Time: 544ms
[1] Built at: 2019-03-16 23:11:01
[1]                 Asset     Size  Chunks             Chunk Names
[1] ../public/css/app.css  194 KiB    main  [emitted]  main
[1]  + 1 hidden asset
[1] Entrypoint main = ../public/js/app.js ../public/css/app.css
[1] [./resources/assets/sass/app.scss] 41 bytes {main} [built]
[1]     + 62 hidden modules
[1] Child extract-text-webpack-plugin node_modules/extract-text-webpack-plugin/dist node_modules/css-loader/dist/cjs.js!node_modules/sass-loader/lib/loader.js!resources/assets/sass/app.scss:
[1]     Entrypoint undefined = extract-text-webpack-plugin-output-filename
[1]     [./node_modules/css-loader/dist/cjs.js!./node_modules/sass-loader/lib/loader.js!./resources/assets/sass/app.scss] 203 KiB {0} [built]
[1]         + 1 hidden module
[1] Hash: 1d3a53a62ca1dabd70cc
[1] Version: webpack 4.29.6
[1] Time: 606ms
[1] Built at: 2019-03-16 23:11:16
[1]                 Asset     Size  Chunks             Chunk Names
[1] ../public/css/app.css  195 KiB    main  [emitted]  main
[1]  + 1 hidden asset
[1] Entrypoint main = ../public/js/app.js ../public/css/app.css
[1] [./resources/assets/sass/app.scss] 41 bytes {main} [built]
[1]     + 62 hidden modules
[1] Child extract-text-webpack-plugin node_modules/extract-text-webpack-plugin/dist node_modules/css-loader/dist/cjs.js!node_modules/sass-loader/lib/loader.js!resources/assets/sass/app.scss:
[1]     Entrypoint undefined = extract-text-webpack-plugin-output-filename
[1]     [./node_modules/css-loader/dist/cjs.js!./node_modules/sass-loader/lib/loader.js!./resources/assets/sass/app.scss] 203 KiB {1} [built]
[1]         + 1 hidden module
[1] Hash: e7618452a0bb22b9f6af
[1] Version: webpack 4.29.6
[1] Time: 488ms
[1] Built at: 2019-03-16 23:11:18
[1]                 Asset     Size  Chunks             Chunk Names
[1] ../public/css/app.css  195 KiB    main  [emitted]  main
[1]  + 1 hidden asset
[1] Entrypoint main = ../public/js/app.js ../public/css/app.css
[1] [./resources/assets/sass/app.scss] 41 bytes {main} [built]
[1]     + 62 hidden modules
[1] Child extract-text-webpack-plugin node_modules/extract-text-webpack-plugin/dist node_modules/css-loader/dist/cjs.js!node_modules/sass-loader/lib/loader.js!resources/assets/sass/app.scss:
[1]     Entrypoint undefined = extract-text-webpack-plugin-output-filename
[1]     [./node_modules/css-loader/dist/cjs.js!./node_modules/sass-loader/lib/loader.js!./resources/assets/sass/app.scss] 203 KiB {0} [built]
[1]         + 1 hidden module
[1] Hash: 0233ec004578303445f4
[1] Version: webpack 4.29.6
[1] Time: 559ms
[1] Built at: 2019-03-16 23:12:23
[1]                 Asset     Size  Chunks             Chunk Names
[1] ../public/css/app.css  195 KiB    main  [emitted]  main
[1]  + 1 hidden asset
[1] Entrypoint main = ../public/js/app.js ../public/css/app.css
[1] [./resources/assets/sass/app.scss] 41 bytes {main} [built]
[1]     + 62 hidden modules
[1] Child extract-text-webpack-plugin node_modules/extract-text-webpack-plugin/dist node_modules/css-loader/dist/cjs.js!node_modules/sass-loader/lib/loader.js!resources/assets/sass/app.scss:
[1]     Entrypoint undefined = extract-text-webpack-plugin-output-filename
[1]     [./node_modules/css-loader/dist/cjs.js!./node_modules/sass-loader/lib/loader.js!./resources/assets/sass/app.scss] 203 KiB {1} [built]
[1]         + 1 hidden module
[1] Hash: 4f7b962b29c14d51652f
[1] Version: webpack 4.29.6
[1] Time: 535ms
[1] Built at: 2019-03-16 23:12:37
[1]                 Asset     Size  Chunks             Chunk Names
[1] ../public/css/app.css  195 KiB    main  [emitted]  main
[1]  + 1 hidden asset
[1] Entrypoint main = ../public/js/app.js ../public/css/app.css
[1] [./resources/assets/sass/app.scss] 41 bytes {main} [built]
[1]     + 62 hidden modules
[1] Child extract-text-webpack-plugin node_modules/extract-text-webpack-plugin/dist node_modules/css-loader/dist/cjs.js!node_modules/sass-loader/lib/loader.js!resources/assets/sass/app.scss:
[1]     Entrypoint undefined = extract-text-webpack-plugin-output-filename
[1]     [./node_modules/css-loader/dist/cjs.js!./node_modules/sass-loader/lib/loader.js!./resources/assets/sass/app.scss] 203 KiB {0} [built]
[1]         + 1 hidden module
[1] Hash: 9f7340b42f3090654755
[1] Version: webpack 4.29.6
[1] Time: 525ms
[1] Built at: 2019-03-16 23:12:56
[1]                 Asset     Size  Chunks             Chunk Names
[1] ../public/css/app.css  195 KiB    main  [emitted]  main
[1]  + 1 hidden asset
[1] Entrypoint main = ../public/js/app.js ../public/css/app.css
[1] [./resources/assets/sass/app.scss] 41 bytes {main} [built]
[1]     + 62 hidden modules
[1] Child extract-text-webpack-plugin node_modules/extract-text-webpack-plugin/dist node_modules/css-loader/dist/cjs.js!node_modules/sass-loader/lib/loader.js!resources/assets/sass/app.scss:
[1]     Entrypoint undefined = extract-text-webpack-plugin-output-filename
[1]     [./node_modules/css-loader/dist/cjs.js!./node_modules/sass-loader/lib/loader.js!./resources/assets/sass/app.scss] 203 KiB {1} [built]
[1]         + 1 hidden module
[1] Hash: a4f78cfe45470951db5d
[1] Version: webpack 4.29.6
[1] Time: 504ms
[1] Built at: 2019-03-16 23:13:16
[1]                 Asset     Size  Chunks             Chunk Names
[1] ../public/css/app.css  195 KiB    main  [emitted]  main
[1]  + 1 hidden asset
[1] Entrypoint main = ../public/js/app.js ../public/css/app.css
[1] [./resources/assets/sass/app.scss] 41 bytes {main} [built]
[1]     + 62 hidden modules
[1] Child extract-text-webpack-plugin node_modules/extract-text-webpack-plugin/dist node_modules/css-loader/dist/cjs.js!node_modules/sass-loader/lib/loader.js!resources/assets/sass/app.scss:
[1]     Entrypoint undefined = extract-text-webpack-plugin-output-filename
[1]     [./node_modules/css-loader/dist/cjs.js!./node_modules/sass-loader/lib/loader.js!./resources/assets/sass/app.scss] 203 KiB {0} [built]
[1]         + 1 hidden module
[1] Hash: 677a97e2e5bae63a84aa
[1] Version: webpack 4.29.6
[1] Time: 546ms
[1] Built at: 2019-03-16 23:13:41
[1]                 Asset     Size  Chunks             Chunk Names
[1] ../public/css/app.css  195 KiB    main  [emitted]  main
[1]  + 1 hidden asset
[1] Entrypoint main = ../public/js/app.js ../public/css/app.css
[1] [./resources/assets/sass/app.scss] 41 bytes {main} [built]
[1]     + 62 hidden modules
[1] Child extract-text-webpack-plugin node_modules/extract-text-webpack-plugin/dist node_modules/css-loader/dist/cjs.js!node_modules/sass-loader/lib/loader.js!resources/assets/sass/app.scss:
[1]     Entrypoint undefined = extract-text-webpack-plugin-output-filename
[1]     [./node_modules/css-loader/dist/cjs.js!./node_modules/sass-loader/lib/loader.js!./resources/assets/sass/app.scss] 203 KiB {1} [built]
[1]         + 1 hidden module
[1] Hash: 0aa525a57e6a464a3ffd
[1] Version: webpack 4.29.6
[1] Time: 553ms
[1] Built at: 2019-03-16 23:14:12
[1]                 Asset     Size  Chunks             Chunk Names
[1] ../public/css/app.css  195 KiB    main  [emitted]  main
[1]  + 1 hidden asset
[1] Entrypoint main = ../public/js/app.js ../public/css/app.css
[1] [./resources/assets/sass/app.scss] 41 bytes {main} [built]
[1]     + 62 hidden modules
[1] Child extract-text-webpack-plugin node_modules/extract-text-webpack-plugin/dist node_modules/css-loader/dist/cjs.js!node_modules/sass-loader/lib/loader.js!resources/assets/sass/app.scss:
[1]     Entrypoint undefined = extract-text-webpack-plugin-output-filename
[1]     [./node_modules/css-loader/dist/cjs.js!./node_modules/sass-loader/lib/loader.js!./resources/assets/sass/app.scss] 203 KiB {0} [built]
[1]         + 1 hidden module
[1] Hash: 31724a519299839bd551
[1] Version: webpack 4.29.6
[1] Time: 109ms
[1] Built at: 2019-03-16 23:16:07
[1]               Asset      Size  Chunks             Chunk Names
[1] ../public/js/app.js  1.12 MiB    main  [emitted]  main
[1] Entrypoint main = ../public/js/app.js
[1] [./resources/assets/sass/app.scss] 1.11 KiB [built] [failed] [1 error]
[1]     + 62 hidden modules
[1] 
[1] ERROR in ./resources/assets/sass/app.scss
[1] Module build failed (from ./node_modules/css-loader/dist/cjs.js):
[1] ModuleBuildError: Module build failed (from ./node_modules/sass-loader/lib/loader.js):
[1] 
[1] .h-100{
[1] ^
[1]       Invalid CSS after ")": expected expression (e.g. 1px, bold), was ".h-100{"
[1]       in C:\Users\PC\TEMPLATE\mychat\resources\assets\sass\_dimensions.scss (line 8, column 1)
[1]     at runLoaders (C:\Users\PC\TEMPLATE\mychat\node_modules\webpack\lib\NormalModule.js:301:20)
[1]     at C:\Users\PC\TEMPLATE\mychat\node_modules\loader-runner\lib\LoaderRunner.js:367:11
[1]     at C:\Users\PC\TEMPLATE\mychat\node_modules\loader-runner\lib\LoaderRunner.js:233:18
[1]     at context.callback (C:\Users\PC\TEMPLATE\mychat\node_modules\loader-runner\lib\LoaderRunner.js:111:13)
[1]     at Object.render [as callback] (C:\Users\PC\TEMPLATE\mychat\node_modules\sass-loader\lib\loader.js:52:13)
[1]     at Object.done [as callback] (C:\Users\PC\TEMPLATE\mychat\node_modules\neo-async\async.js:8077:18)
[1]     at options.error (C:\Users\PC\TEMPLATE\mychat\node_modules\node-sass\lib\index.js:294:32)
[1]  @ multi ./resources/assets/js/app.js ./resources/assets/sass/app.scss main[1]
[1] 
[1] ERROR in ./resources/assets/sass/app.scss
[1] Module build failed (from ./node_modules/css-loader/dist/cjs.js):
[1] ModuleBuildError: Module build failed (from ./node_modules/sass-loader/lib/loader.js):
[1] 
[1] .h-100{
[1] ^
[1]       Invalid CSS after ")": expected expression (e.g. 1px, bold), was ".h-100{"
[1]       in C:\Users\PC\TEMPLATE\mychat\resources\assets\sass\_dimensions.scss (line 8, column 1)
[1]     at runLoaders (C:\Users\PC\TEMPLATE\mychat\node_modules\webpack\lib\NormalModule.js:301:20)
[1]     at C:\Users\PC\TEMPLATE\mychat\node_modules\loader-runner\lib\LoaderRunner.js:367:11
[1]     at C:\Users\PC\TEMPLATE\mychat\node_modules\loader-runner\lib\LoaderRunner.js:233:18
[1]     at context.callback (C:\Users\PC\TEMPLATE\mychat\node_modules\loader-runner\lib\LoaderRunner.js:111:13)
[1]     at Object.render [as callback] (C:\Users\PC\TEMPLATE\mychat\node_modules\sass-loader\lib\loader.js:52:13)
[1]     at Object.done [as callback] (C:\Users\PC\TEMPLATE\mychat\node_modules\neo-async\async.js:8077:18)
[1]     at options.error (C:\Users\PC\TEMPLATE\mychat\node_modules\node-sass\lib\index.js:294:32)
[1]  @ ./resources/assets/sass/app.scss
[1] Child extract-text-webpack-plugin node_modules/extract-text-webpack-plugin/dist node_modules/css-loader/dist/cjs.js!node_modules/sass-loader/lib/loader.js!resources/assets/sass/app.scss:
[1]     Entrypoint undefined = extract-text-webpack-plugin-output-filename
[1]     [./node_modules/css-loader/dist/cjs.js!./node_modules/sass-loader/lib/loader.js!./resources/assets/sass/app.scss] 300 bytes {1} [built] [failed] [1 error]
[1]     
[1]     ERROR in ./resources/assets/sass/app.scss (./node_modules/css-loader/dist/cjs.js!./node_modules/sass-loader/lib/loader.js!./resources/assets/sass/app.scss)
[1]     Module build failed (from ./node_modules/sass-loader/lib/loader.js):
[1]     
[1]     .h-100{
[1]     ^
[1]           Invalid CSS after ")": expected expression (e.g. 1px, bold), was ".h-100{"
[1]           in C:\Users\PC\TEMPLATE\mychat\resources\assets\sass\_dimensions.scss (line 8, column 1)
[1] Child extract-text-webpack-plugin node_modules/extract-text-webpack-plugin/dist node_modules/css-loader/dist/cjs.js!node_modules/sass-loader/lib/loader.js!resources/assets/sass/app.scss:
[1]     Entrypoint undefined = extract-text-webpack-plugin-output-filename
[1]     [./node_modules/css-loader/dist/cjs.js!./node_modules/sass-loader/lib/loader.js!./resources/assets/sass/app.scss] 300 bytes {1} [built] [failed] [1 error]
[1]     
[1]     ERROR in ./resources/assets/sass/app.scss (./node_modules/css-loader/dist/cjs.js!./node_modules/sass-loader/lib/loader.js!./resources/assets/sass/app.scss)
[1]     Module build failed (from ./node_modules/sass-loader/lib/loader.js):
[1]     
[1]     .h-100{
[1]     ^
[1]           Invalid CSS after ")": expected expression (e.g. 1px, bold), was ".h-100{"
[1]           in C:\Users\PC\TEMPLATE\mychat\resources\assets\sass\_dimensions.scss (line 8, column 1)
[1] Hash: 0aa525a57e6a464a3ffd
[1] Version: webpack 4.29.6
[1] Time: 638ms
[1] Built at: 2019-03-16 23:16:29
[1]                 Asset      Size  Chunks             Chunk Names
[1] ../public/css/app.css   195 KiB    main  [emitted]  main
[1]   ../public/js/app.js  1.12 MiB    main  [emitted]  main
[1] Entrypoint main = ../public/js/app.js ../public/css/app.css
[1] [./resources/assets/sass/app.scss] 41 bytes {main} [built]
[1]     + 62 hidden modules
[1] Child extract-text-webpack-plugin node_modules/extract-text-webpack-plugin/dist node_modules/css-loader/dist/cjs.js!node_modules/sass-loader/lib/loader.js!resources/assets/sass/app.scss:
[1]     Entrypoint undefined = extract-text-webpack-plugin-output-filename
[1]     [./node_modules/css-loader/dist/cjs.js!./node_modules/sass-loader/lib/loader.js!./resources/assets/sass/app.scss] 203 KiB {0} [built]
[1]         + 1 hidden module
[1] Hash: 4456d1d5aa3262fc3f23
[1] Version: webpack 4.29.6
[1] Time: 441ms
[1] Built at: 2019-03-16 23:16:31
[1]                 Asset     Size  Chunks             Chunk Names
[1] ../public/css/app.css  195 KiB    main  [emitted]  main
[1]  + 1 hidden asset
[1] Entrypoint main = ../public/js/app.js ../public/css/app.css
[1] [./resources/assets/sass/app.scss] 41 bytes {main} [built]
[1]     + 62 hidden modules
[1] Child extract-text-webpack-plugin node_modules/extract-text-webpack-plugin/dist node_modules/css-loader/dist/cjs.js!node_modules/sass-loader/lib/loader.js!resources/assets/sass/app.scss:
[1]     Entrypoint undefined = extract-text-webpack-plugin-output-filename
[1]     [./node_modules/css-loader/dist/cjs.js!./node_modules/sass-loader/lib/loader.js!./resources/assets/sass/app.scss] 203 KiB {1} [built]
[1]         + 1 hidden module
[1] Hash: cb5534984ba16124ed9b
[1] Version: webpack 4.29.6
[1] Time: 95ms
[1] Built at: 2019-03-16 23:17:12
[1]               Asset      Size  Chunks             Chunk Names
[1] ../public/js/app.js  1.12 MiB    main  [emitted]  main
[1] Entrypoint main = ../public/js/app.js
[1] [./resources/assets/sass/app.scss] 1.16 KiB [built] [failed] [1 error]
[1]     + 62 hidden modules
[1] 
[1] ERROR in ./resources/assets/sass/app.scss
[1] Module build failed (from ./node_modules/css-loader/dist/cjs.js):
[1] ModuleBuildError: Module build failed (from ./node_modules/sass-loader/lib/loader.js):
[1] 
[1]         height: #{$dim}%;
[1]                       ^
[1]       Invalid CSS after "...eight: #{$dim}%": expected expression (e.g. 1px, bold), was ";"
[1]       in C:\Users\PC\TEMPLATE\mychat\resources\assets\sass\_dimensions.scss (line 10, column 24)
[1]     at runLoaders (C:\Users\PC\TEMPLATE\mychat\node_modules\webpack\lib\NormalModule.js:301:20)
[1]     at C:\Users\PC\TEMPLATE\mychat\node_modules\loader-runner\lib\LoaderRunner.js:367:11
[1]     at C:\Users\PC\TEMPLATE\mychat\node_modules\loader-runner\lib\LoaderRunner.js:233:18
[1]     at context.callback (C:\Users\PC\TEMPLATE\mychat\node_modules\loader-runner\lib\LoaderRunner.js:111:13)
[1]     at Object.render [as callback] (C:\Users\PC\TEMPLATE\mychat\node_modules\sass-loader\lib\loader.js:52:13)
[1]     at Object.done [as callback] (C:\Users\PC\TEMPLATE\mychat\node_modules\neo-async\async.js:8077:18)
[1]     at options.error (C:\Users\PC\TEMPLATE\mychat\node_modules\node-sass\lib\index.js:294:32)
[1]  @ multi ./resources/assets/js/app.js ./resources/assets/sass/app.scss main[1]
[1] 
[1] ERROR in ./resources/assets/sass/app.scss
[1] Module build failed (from ./node_modules/css-loader/dist/cjs.js):
[1] ModuleBuildError: Module build failed (from ./node_modules/sass-loader/lib/loader.js):
[1] 
[1]         height: #{$dim}%;
[1]                       ^
[1]       Invalid CSS after "...eight: #{$dim}%": expected expression (e.g. 1px, bold), was ";"
[1]       in C:\Users\PC\TEMPLATE\mychat\resources\assets\sass\_dimensions.scss (line 10, column 24)
[1]     at runLoaders (C:\Users\PC\TEMPLATE\mychat\node_modules\webpack\lib\NormalModule.js:301:20)
[1]     at C:\Users\PC\TEMPLATE\mychat\node_modules\loader-runner\lib\LoaderRunner.js:367:11
[1]     at C:\Users\PC\TEMPLATE\mychat\node_modules\loader-runner\lib\LoaderRunner.js:233:18
[1]     at context.callback (C:\Users\PC\TEMPLATE\mychat\node_modules\loader-runner\lib\LoaderRunner.js:111:13)
[1]     at Object.render [as callback] (C:\Users\PC\TEMPLATE\mychat\node_modules\sass-loader\lib\loader.js:52:13)
[1]     at Object.done [as callback] (C:\Users\PC\TEMPLATE\mychat\node_modules\neo-async\async.js:8077:18)
[1]     at options.error (C:\Users\PC\TEMPLATE\mychat\node_modules\node-sass\lib\index.js:294:32)
[1]  @ ./resources/assets/sass/app.scss
[1] Child extract-text-webpack-plugin node_modules/extract-text-webpack-plugin/dist node_modules/css-loader/dist/cjs.js!node_modules/sass-loader/lib/loader.js!resources/assets/sass/app.scss:
[1]     Entrypoint undefined = extract-text-webpack-plugin-output-filename
[1]     [./node_modules/css-loader/dist/cjs.js!./node_modules/sass-loader/lib/loader.js!./resources/assets/sass/app.scss] 353 bytes {0} [built] [failed] [1 error]
[1]     
[1]     ERROR in ./resources/assets/sass/app.scss (./node_modules/css-loader/dist/cjs.js!./node_modules/sass-loader/lib/loader.js!./resources/assets/sass/app.scss)
[1]     Module build failed (from ./node_modules/sass-loader/lib/loader.js):
[1]     
[1]             height: #{$dim}%;
[1]                           ^
[1]           Invalid CSS after "...eight: #{$dim}%": expected expression (e.g. 1px, bold), was ";"
[1]           in C:\Users\PC\TEMPLATE\mychat\resources\assets\sass\_dimensions.scss (line 10, column 24)
[1] Child extract-text-webpack-plugin node_modules/extract-text-webpack-plugin/dist node_modules/css-loader/dist/cjs.js!node_modules/sass-loader/lib/loader.js!resources/assets/sass/app.scss:
[1]     Entrypoint undefined = extract-text-webpack-plugin-output-filename
[1]     [./node_modules/css-loader/dist/cjs.js!./node_modules/sass-loader/lib/loader.js!./resources/assets/sass/app.scss] 353 bytes {0} [built] [failed] [1 error]
[1]     
[1]     ERROR in ./resources/assets/sass/app.scss (./node_modules/css-loader/dist/cjs.js!./node_modules/sass-loader/lib/loader.js!./resources/assets/sass/app.scss)
[1]     Module build failed (from ./node_modules/sass-loader/lib/loader.js):
[1]     
[1]             height: #{$dim}%;
[1]                           ^
[1]           Invalid CSS after "...eight: #{$dim}%": expected expression (e.g. 1px, bold), was ";"
[1]           in C:\Users\PC\TEMPLATE\mychat\resources\assets\sass\_dimensions.scss (line 10, column 24)
[1] Hash: b38335344b752a834fd5
[1] Version: webpack 4.29.6
[1] Time: 580ms
[1] Built at: 2019-03-16 23:17:49
[1]                 Asset      Size  Chunks             Chunk Names
[1] ../public/css/app.css   195 KiB    main  [emitted]  main
[1]   ../public/js/app.js  1.12 MiB    main  [emitted]  main
[1] Entrypoint main = ../public/js/app.js ../public/css/app.css
[1] [./resources/assets/sass/app.scss] 41 bytes {main} [built]
[1]     + 62 hidden modules
[1] Child extract-text-webpack-plugin node_modules/extract-text-webpack-plugin/dist node_modules/css-loader/dist/cjs.js!node_modules/sass-loader/lib/loader.js!resources/assets/sass/app.scss:
[1]     Entrypoint undefined = extract-text-webpack-plugin-output-filename
[1]     [./node_modules/css-loader/dist/cjs.js!./node_modules/sass-loader/lib/loader.js!./resources/assets/sass/app.scss] 203 KiB {1} [built]
[1]         + 1 hidden module
[1] Hash: f2ea0a3d74110b5b52a2
[1] Version: webpack 4.29.6
[1] Time: 494ms
[1] Built at: 2019-03-16 23:17:54
[1]                 Asset     Size  Chunks             Chunk Names
[1] ../public/css/app.css  195 KiB    main  [emitted]  main
[1]  + 1 hidden asset
[1] Entrypoint main = ../public/js/app.js ../public/css/app.css
[1] [./resources/assets/sass/app.scss] 41 bytes {main} [built]
[1]     + 62 hidden modules
[1] Child extract-text-webpack-plugin node_modules/extract-text-webpack-plugin/dist node_modules/css-loader/dist/cjs.js!node_modules/sass-loader/lib/loader.js!resources/assets/sass/app.scss:
[1]     Entrypoint undefined = extract-text-webpack-plugin-output-filename
[1]     [./node_modules/css-loader/dist/cjs.js!./node_modules/sass-loader/lib/loader.js!./resources/assets/sass/app.scss] 203 KiB {0} [built]
[1]         + 1 hidden module
[1] Hash: ace5eaecd8f79de46971
[1] Version: webpack 4.29.6
[1] Time: 553ms
[1] Built at: 2019-03-16 23:18:10
[1]                 Asset     Size  Chunks             Chunk Names
[1] ../public/css/app.css  195 KiB    main  [emitted]  main
[1]  + 1 hidden asset
[1] Entrypoint main = ../public/js/app.js ../public/css/app.css
[1] [./resources/assets/sass/app.scss] 41 bytes {main} [built]
[1]     + 62 hidden modules
[1] Child extract-text-webpack-plugin node_modules/extract-text-webpack-plugin/dist node_modules/css-loader/dist/cjs.js!node_modules/sass-loader/lib/loader.js!resources/assets/sass/app.scss:
[1]     Entrypoint undefined = extract-text-webpack-plugin-output-filename
[1]     [./node_modules/css-loader/dist/cjs.js!./node_modules/sass-loader/lib/loader.js!./resources/assets/sass/app.scss] 203 KiB {1} [built]
[1]         + 1 hidden module
[1] Hash: 2691cab153d5215b7f6c
[1] Version: webpack 4.29.6
[1] Time: 80ms
[1] Built at: 2019-03-16 23:18:16
[1]               Asset      Size  Chunks             Chunk Names
[1] ../public/js/app.js  1.12 MiB    main  [emitted]  main
[1] Entrypoint main = ../public/js/app.js
[1] [./resources/assets/sass/app.scss] 1.16 KiB [built] [failed] [1 error]
[1]     + 62 hidden modules
[1] 
[1] ERROR in ./resources/assets/sass/app.scss
[1] Module build failed (from ./node_modules/css-loader/dist/cjs.js):
[1] ModuleBuildError: Module build failed (from ./node_modules/sass-loader/lib/loader.js):
[1] 
[1]         height: #{$dim}%;
[1]                       ^
[1]       Invalid CSS after "...eight: #{$dim}%": expected expression (e.g. 1px, bold), was ";"
[1]       in C:\Users\PC\TEMPLATE\mychat\resources\assets\sass\_dimensions.scss (line 10, column 24)
[1]     at runLoaders (C:\Users\PC\TEMPLATE\mychat\node_modules\webpack\lib\NormalModule.js:301:20)
[1]     at C:\Users\PC\TEMPLATE\mychat\node_modules\loader-runner\lib\LoaderRunner.js:367:11
[1]     at C:\Users\PC\TEMPLATE\mychat\node_modules\loader-runner\lib\LoaderRunner.js:233:18
[1]     at context.callback (C:\Users\PC\TEMPLATE\mychat\node_modules\loader-runner\lib\LoaderRunner.js:111:13)
[1]     at Object.render [as callback] (C:\Users\PC\TEMPLATE\mychat\node_modules\sass-loader\lib\loader.js:52:13)
[1]     at Object.done [as callback] (C:\Users\PC\TEMPLATE\mychat\node_modules\neo-async\async.js:8077:18)
[1]     at options.error (C:\Users\PC\TEMPLATE\mychat\node_modules\node-sass\lib\index.js:294:32)
[1]  @ multi ./resources/assets/js/app.js ./resources/assets/sass/app.scss main[1]
[1] 
[1] ERROR in ./resources/assets/sass/app.scss
[1] Module build failed (from ./node_modules/css-loader/dist/cjs.js):
[1] ModuleBuildError: Module build failed (from ./node_modules/sass-loader/lib/loader.js):
[1] 
[1]         height: #{$dim}%;
[1]                       ^
[1]       Invalid CSS after "...eight: #{$dim}%": expected expression (e.g. 1px, bold), was ";"
[1]       in C:\Users\PC\TEMPLATE\mychat\resources\assets\sass\_dimensions.scss (line 10, column 24)
[1]     at runLoaders (C:\Users\PC\TEMPLATE\mychat\node_modules\webpack\lib\NormalModule.js:301:20)
[1]     at C:\Users\PC\TEMPLATE\mychat\node_modules\loader-runner\lib\LoaderRunner.js:367:11
[1]     at C:\Users\PC\TEMPLATE\mychat\node_modules\loader-runner\lib\LoaderRunner.js:233:18
[1]     at context.callback (C:\Users\PC\TEMPLATE\mychat\node_modules\loader-runner\lib\LoaderRunner.js:111:13)
[1]     at Object.render [as callback] (C:\Users\PC\TEMPLATE\mychat\node_modules\sass-loader\lib\loader.js:52:13)
[1]     at Object.done [as callback] (C:\Users\PC\TEMPLATE\mychat\node_modules\neo-async\async.js:8077:18)
[1]     at options.error (C:\Users\PC\TEMPLATE\mychat\node_modules\node-sass\lib\index.js:294:32)
[1]  @ ./resources/assets/sass/app.scss
[1] Child extract-text-webpack-plugin node_modules/extract-text-webpack-plugin/dist node_modules/css-loader/dist/cjs.js!node_modules/sass-loader/lib/loader.js!resources/assets/sass/app.scss:
[1]     Entrypoint undefined = extract-text-webpack-plugin-output-filename
[1]     [./node_modules/css-loader/dist/cjs.js!./node_modules/sass-loader/lib/loader.js!./resources/assets/sass/app.scss] 353 bytes {0} [built] [failed] [1 error]
[1]     
[1]     ERROR in ./resources/assets/sass/app.scss (./node_modules/css-loader/dist/cjs.js!./node_modules/sass-loader/lib/loader.js!./resources/assets/sass/app.scss)
[1]     Module build failed (from ./node_modules/sass-loader/lib/loader.js):
[1]     
[1]             height: #{$dim}%;
[1]                           ^
[1]           Invalid CSS after "...eight: #{$dim}%": expected expression (e.g. 1px, bold), was ";"
[1]           in C:\Users\PC\TEMPLATE\mychat\resources\assets\sass\_dimensions.scss (line 10, column 24)
[1] Child extract-text-webpack-plugin node_modules/extract-text-webpack-plugin/dist node_modules/css-loader/dist/cjs.js!node_modules/sass-loader/lib/loader.js!resources/assets/sass/app.scss:
[1]     Entrypoint undefined = extract-text-webpack-plugin-output-filename
[1]     [./node_modules/css-loader/dist/cjs.js!./node_modules/sass-loader/lib/loader.js!./resources/assets/sass/app.scss] 353 bytes {1} [built] [failed] [1 error]
[1]     
[1]     ERROR in ./resources/assets/sass/app.scss (./node_modules/css-loader/dist/cjs.js!./node_modules/sass-loader/lib/loader.js!./resources/assets/sass/app.scss)
[1]     Module build failed (from ./node_modules/sass-loader/lib/loader.js):
[1]     
[1]             height: #{$dim}%;
[1]                           ^
[1]           Invalid CSS after "...eight: #{$dim}%": expected expression (e.g. 1px, bold), was ";"
[1]           in C:\Users\PC\TEMPLATE\mychat\resources\assets\sass\_dimensions.scss (line 10, column 24)
[1] Hash: 91d7c9b6b374e659dbd2
[1] Version: webpack 4.29.6
[1] Time: 49ms
[1] Built at: 2019-03-16 23:18:18
[1]               Asset      Size  Chunks             Chunk Names
[1] ../public/js/app.js  1.12 MiB    main  [emitted]  main
[1] Entrypoint main = ../public/js/app.js
[1] [./resources/assets/sass/app.scss] 1.16 KiB [built] [failed] [1 error]
[1]     + 62 hidden modules
[1] 
[1] ERROR in ./resources/assets/sass/app.scss
[1] Module build failed (from ./node_modules/css-loader/dist/cjs.js):
[1] ModuleBuildError: Module build failed (from ./node_modules/sass-loader/lib/loader.js):
[1] 
[1]         height: #{$dim}%
[1]                        ^
[1]       Invalid CSS after "...eight: #{$dim}%": expected expression (e.g. 1px, bold), was "}"
[1]       in C:\Users\PC\TEMPLATE\mychat\resources\assets\sass\_dimensions.scss (line 10, column 25)
[1]     at runLoaders (C:\Users\PC\TEMPLATE\mychat\node_modules\webpack\lib\NormalModule.js:301:20)
[1]     at C:\Users\PC\TEMPLATE\mychat\node_modules\loader-runner\lib\LoaderRunner.js:367:11
[1]     at C:\Users\PC\TEMPLATE\mychat\node_modules\loader-runner\lib\LoaderRunner.js:233:18
[1]     at context.callback (C:\Users\PC\TEMPLATE\mychat\node_modules\loader-runner\lib\LoaderRunner.js:111:13)
[1]     at Object.render [as callback] (C:\Users\PC\TEMPLATE\mychat\node_modules\sass-loader\lib\loader.js:52:13)
[1]     at Object.done [as callback] (C:\Users\PC\TEMPLATE\mychat\node_modules\neo-async\async.js:8077:18)
[1]     at options.error (C:\Users\PC\TEMPLATE\mychat\node_modules\node-sass\lib\index.js:294:32)
[1]  @ multi ./resources/assets/js/app.js ./resources/assets/sass/app.scss main[1]
[1] 
[1] ERROR in ./resources/assets/sass/app.scss
[1] Module build failed (from ./node_modules/css-loader/dist/cjs.js):
[1] ModuleBuildError: Module build failed (from ./node_modules/sass-loader/lib/loader.js):
[1] 
[1]         height: #{$dim}%
[1]                        ^
[1]       Invalid CSS after "...eight: #{$dim}%": expected expression (e.g. 1px, bold), was "}"
[1]       in C:\Users\PC\TEMPLATE\mychat\resources\assets\sass\_dimensions.scss (line 10, column 25)
[1]     at runLoaders (C:\Users\PC\TEMPLATE\mychat\node_modules\webpack\lib\NormalModule.js:301:20)
[1]     at C:\Users\PC\TEMPLATE\mychat\node_modules\loader-runner\lib\LoaderRunner.js:367:11
[1]     at C:\Users\PC\TEMPLATE\mychat\node_modules\loader-runner\lib\LoaderRunner.js:233:18
[1]     at context.callback (C:\Users\PC\TEMPLATE\mychat\node_modules\loader-runner\lib\LoaderRunner.js:111:13)
[1]     at Object.render [as callback] (C:\Users\PC\TEMPLATE\mychat\node_modules\sass-loader\lib\loader.js:52:13)
[1]     at Object.done [as callback] (C:\Users\PC\TEMPLATE\mychat\node_modules\neo-async\async.js:8077:18)
[1]     at options.error (C:\Users\PC\TEMPLATE\mychat\node_modules\node-sass\lib\index.js:294:32)
[1]  @ ./resources/assets/sass/app.scss
[1] Child extract-text-webpack-plugin node_modules/extract-text-webpack-plugin/dist node_modules/css-loader/dist/cjs.js!node_modules/sass-loader/lib/loader.js!resources/assets/sass/app.scss:
[1]     Entrypoint undefined = extract-text-webpack-plugin-output-filename
[1]     [./node_modules/css-loader/dist/cjs.js!./node_modules/sass-loader/lib/loader.js!./resources/assets/sass/app.scss] 353 bytes {1} [built] [failed] [1 error]
[1]     
[1]     ERROR in ./resources/assets/sass/app.scss (./node_modules/css-loader/dist/cjs.js!./node_modules/sass-loader/lib/loader.js!./resources/assets/sass/app.scss)
[1]     Module build failed (from ./node_modules/sass-loader/lib/loader.js):
[1]     
[1]             height: #{$dim}%
[1]                            ^
[1]           Invalid CSS after "...eight: #{$dim}%": expected expression (e.g. 1px, bold), was "}"
[1]           in C:\Users\PC\TEMPLATE\mychat\resources\assets\sass\_dimensions.scss (line 10, column 25)
[1] Child extract-text-webpack-plugin node_modules/extract-text-webpack-plugin/dist node_modules/css-loader/dist/cjs.js!node_modules/sass-loader/lib/loader.js!resources/assets/sass/app.scss:
[1]     Entrypoint undefined = extract-text-webpack-plugin-output-filename
[1]     [./node_modules/css-loader/dist/cjs.js!./node_modules/sass-loader/lib/loader.js!./resources/assets/sass/app.scss] 353 bytes {0} [built] [failed] [1 error]
[1]     
[1]     ERROR in ./resources/assets/sass/app.scss (./node_modules/css-loader/dist/cjs.js!./node_modules/sass-loader/lib/loader.js!./resources/assets/sass/app.scss)
[1]     Module build failed (from ./node_modules/sass-loader/lib/loader.js):
[1]     
[1]             height: #{$dim}%
[1]                            ^
[1]           Invalid CSS after "...eight: #{$dim}%": expected expression (e.g. 1px, bold), was "}"
[1]           in C:\Users\PC\TEMPLATE\mychat\resources\assets\sass\_dimensions.scss (line 10, column 25)
[1] Hash: 2691cab153d5215b7f6c
[1] Version: webpack 4.29.6
[1] Time: 101ms
[1] Built at: 2019-03-16 23:18:21
[1]               Asset      Size  Chunks             Chunk Names
[1] ../public/js/app.js  1.12 MiB    main  [emitted]  main
[1] Entrypoint main = ../public/js/app.js
[1] [./resources/assets/sass/app.scss] 1.16 KiB [built] [failed] [1 error]
[1]     + 62 hidden modules
[1] 
[1] ERROR in ./resources/assets/sass/app.scss
[1] Module build failed (from ./node_modules/css-loader/dist/cjs.js):
[1] ModuleBuildError: Module build failed (from ./node_modules/sass-loader/lib/loader.js):
[1] 
[1]         height: #{$dim}%;
[1]                       ^
[1]       Invalid CSS after "...eight: #{$dim}%": expected expression (e.g. 1px, bold), was ";"
[1]       in C:\Users\PC\TEMPLATE\mychat\resources\assets\sass\_dimensions.scss (line 10, column 24)
[1]     at runLoaders (C:\Users\PC\TEMPLATE\mychat\node_modules\webpack\lib\NormalModule.js:301:20)
[1]     at C:\Users\PC\TEMPLATE\mychat\node_modules\loader-runner\lib\LoaderRunner.js:367:11
[1]     at C:\Users\PC\TEMPLATE\mychat\node_modules\loader-runner\lib\LoaderRunner.js:233:18
[1]     at context.callback (C:\Users\PC\TEMPLATE\mychat\node_modules\loader-runner\lib\LoaderRunner.js:111:13)
[1]     at Object.render [as callback] (C:\Users\PC\TEMPLATE\mychat\node_modules\sass-loader\lib\loader.js:52:13)
[1]     at Object.done [as callback] (C:\Users\PC\TEMPLATE\mychat\node_modules\neo-async\async.js:8077:18)
[1]     at options.error (C:\Users\PC\TEMPLATE\mychat\node_modules\node-sass\lib\index.js:294:32)
[1]  @ multi ./resources/assets/js/app.js ./resources/assets/sass/app.scss main[1]
[1] 
[1] ERROR in ./resources/assets/sass/app.scss
[1] Module build failed (from ./node_modules/css-loader/dist/cjs.js):
[1] ModuleBuildError: Module build failed (from ./node_modules/sass-loader/lib/loader.js):
[1] 
[1]         height: #{$dim}%;
[1]                       ^
[1]       Invalid CSS after "...eight: #{$dim}%": expected expression (e.g. 1px, bold), was ";"
[1]       in C:\Users\PC\TEMPLATE\mychat\resources\assets\sass\_dimensions.scss (line 10, column 24)
[1]     at runLoaders (C:\Users\PC\TEMPLATE\mychat\node_modules\webpack\lib\NormalModule.js:301:20)
[1]     at C:\Users\PC\TEMPLATE\mychat\node_modules\loader-runner\lib\LoaderRunner.js:367:11
[1]     at C:\Users\PC\TEMPLATE\mychat\node_modules\loader-runner\lib\LoaderRunner.js:233:18
[1]     at context.callback (C:\Users\PC\TEMPLATE\mychat\node_modules\loader-runner\lib\LoaderRunner.js:111:13)
[1]     at Object.render [as callback] (C:\Users\PC\TEMPLATE\mychat\node_modules\sass-loader\lib\loader.js:52:13)
[1]     at Object.done [as callback] (C:\Users\PC\TEMPLATE\mychat\node_modules\neo-async\async.js:8077:18)
[1]     at options.error (C:\Users\PC\TEMPLATE\mychat\node_modules\node-sass\lib\index.js:294:32)
[1]  @ ./resources/assets/sass/app.scss
[1] Child extract-text-webpack-plugin node_modules/extract-text-webpack-plugin/dist node_modules/css-loader/dist/cjs.js!node_modules/sass-loader/lib/loader.js!resources/assets/sass/app.scss:
[1]     Entrypoint undefined = extract-text-webpack-plugin-output-filename
[1]     [./node_modules/css-loader/dist/cjs.js!./node_modules/sass-loader/lib/loader.js!./resources/assets/sass/app.scss] 353 bytes {0} [built] [failed] [1 error]
[1]     
[1]     ERROR in ./resources/assets/sass/app.scss (./node_modules/css-loader/dist/cjs.js!./node_modules/sass-loader/lib/loader.js!./resources/assets/sass/app.scss)
[1]     Module build failed (from ./node_modules/sass-loader/lib/loader.js):
[1]     
[1]             height: #{$dim}%;
[1]                           ^
[1]           Invalid CSS after "...eight: #{$dim}%": expected expression (e.g. 1px, bold), was ";"
[1]           in C:\Users\PC\TEMPLATE\mychat\resources\assets\sass\_dimensions.scss (line 10, column 24)
[1] Child extract-text-webpack-plugin node_modules/extract-text-webpack-plugin/dist node_modules/css-loader/dist/cjs.js!node_modules/sass-loader/lib/loader.js!resources/assets/sass/app.scss:
[1]     Entrypoint undefined = extract-text-webpack-plugin-output-filename
[1]     [./node_modules/css-loader/dist/cjs.js!./node_modules/sass-loader/lib/loader.js!./resources/assets/sass/app.scss] 353 bytes {1} [built] [failed] [1 error]
[1]     
[1]     ERROR in ./resources/assets/sass/app.scss (./node_modules/css-loader/dist/cjs.js!./node_modules/sass-loader/lib/loader.js!./resources/assets/sass/app.scss)
[1]     Module build failed (from ./node_modules/sass-loader/lib/loader.js):
[1]     
[1]             height: #{$dim}%;
[1]                           ^
[1]           Invalid CSS after "...eight: #{$dim}%": expected expression (e.g. 1px, bold), was ";"
[1]           in C:\Users\PC\TEMPLATE\mychat\resources\assets\sass\_dimensions.scss (line 10, column 24)
[1] Hash: 97f3a0c1ea12cc171947
[1] Version: webpack 4.29.6
[1] Time: 615ms
[1] Built at: 2019-03-16 23:20:14
[1]                 Asset      Size  Chunks             Chunk Names
[1] ../public/css/app.css   195 KiB    main  [emitted]  main
[1]   ../public/js/app.js  1.12 MiB    main  [emitted]  main
[1] Entrypoint main = ../public/js/app.js ../public/css/app.css
[1] [./resources/assets/sass/app.scss] 41 bytes {main} [built]
[1]     + 62 hidden modules
[1] Child extract-text-webpack-plugin node_modules/extract-text-webpack-plugin/dist node_modules/css-loader/dist/cjs.js!node_modules/sass-loader/lib/loader.js!resources/assets/sass/app.scss:
[1]     Entrypoint undefined = extract-text-webpack-plugin-output-filename
[1]     [./node_modules/css-loader/dist/cjs.js!./node_modules/sass-loader/lib/loader.js!./resources/assets/sass/app.scss] 203 KiB {0} [built]
[1]         + 1 hidden module
